2023-05-11:14:00:18,914 IN
*** tstart() called on tsubasa-System-Product-Name
*** at Thu May 11 14:00:18 2023

   => Loading Basis Set <=

    Name: STO-3G
    Role: ORBITAL
    Keyword: BASIS
    atoms 1   entry O          line    81 file /home/tsubasa/an2023-05-11:14:00:19,329 INFO     [psi4.driver.driver:527] Return energy(): -74.96340594384644
2023-05-11:14:00:19,349 INFO     [psi4.driver.task_planner:283] PLANNING Atomic:  keywords={'SCF__INTS_TOLERANCE': 1e-12, 'function_kwargs': {}}
2023-05-11:14:00:19,352 INFO     [psi4.driver.driver:524] Compute energy(): method=hf, basis=3-21g, molecule=default, nre=9.168193296424349
2023-05-11:14:00:19,580 INFO     [psi4.driver.driver:527] Return energy(): -75.58543252784644
2023-05-11:14:00:19,600 INFO     [psi4.driver.task_planner:283] PLANNING Atomic:  keywords={'SCF__INTS_TOLERANCE': 1e-12, 'function_kwargs': {}}
2023-05-11:14:00:19,602 INFO     [psi4.driver.driver:524] Compute energy(): method=b3lyp, basis=sto-3g, molecule=default, nre=9.168193296424349
2023-05-11:14:00:20,23 INFO     [psi4.driver.driver:527] Return energy(): -75.31346328152847
2023-05-11:14:00:20,43 INFO     [psi4.driver.task_planner:283] PLANNING Atomic:  keywords={'SCF__INTS_TOLERANCE': 1e-12, 'function_kwargs': {}}
2023-05-11:14:00:20,46 INFO     [psi4.driver.driver:524] Compute energy(): method=b3lyp, basis=3-21g, molecule=default, nre=9.168193296424349
2023-05-11:14:00:20,509 INFO     [psi4.driver.driver:527] Return energy(): -75.9718273990527
  C =      9.47217 [cm^-1]
  Rotational constants: A = 817323.21126  B = 435158.60141  C = 283968.37536 [MHz]
  Nuclear repulsion =    9.168193296424349

  Charge       = 0
  Multiplicity = 1
  Electrons    = 10
  Nalpha       = 5
  Nbeta        = 5

  ==> Algorithm <==

  SCF Algorithm Type is DF.
  DIIS enabled.
  MOM disabled.
  Fractional occupation disabled.
  Guess Type is SAD.
  Energy threshold   = 1.00e-06
  Density threshold  = 1.00e-06
  Integral threshold = 1.00e-12

  ==> Primary Basis <==

  Basis Set: STO-3G
    Blend: STO-3G
    Number of shells: 5
    Number of basis functions: 7
    Number of Cartesian functions: 7
    Spherical Harmonics?: true
    Max angular momentum: 1

   => Loading Basis Set <=

    Name: (STO-3G AUX)
    Role: JKFIT
    Keyword: DF_BASIS_SCF
    atoms 1   entry O          line   318 file /home/tsubasa/anaconda3/envs/p4dev/share/psi4/basis/def2-universal-jkfit.gbs 
    atoms 2-3 entry H          line    18 file /home/tsubasa/anaconda3/envs/p4dev/share/psi4/basis/def2-universal-jkfit.gbs 

  ==> Integral Setup <==

  DFHelper Memory: AOs need 0.000 GiB; user supplied 2.794 GiB. Using in-core AOs.

  ==> MemDFJK: Density-Fitted J/K Matrices <==

    J tasked:                   Yes
    K tasked:                   Yes
    wK tasked:                   No
    OpenMP threads:               2
    Memory [MiB]:              2861
    Algorithm:                 Core
    Schwarz Cutoff:           1E-12
    Mask sparsity (%):       0.0000
    Fitting Condition:        1E-10

   => Auxiliary Basis Set <=

  Basis Set: (STO-3G AUX)
    Blend: DEF2-UNIVERSAL-JKFIT
    Number of shells: 37
    Number of basis functions: 113
    Number of Cartesian functions: 133
    Spherical Harmonics?: true
    Max angular momentum: 4

  Minimum eigenvalue in the overlap matrix is 3.1302576679E-01.
  Reciprocal condition number of the overlap matrix is 1.8132900373E-01.
    Using symmetric orthogonalization.

  ==> Pre-Iterations <==

  SCF Guess: Superposition of Atomic Densities via on-the-fly atomic UHF (no occupation information).

   -------------------------
    Irrep   Nso     Nmo    
   -------------------------
     A1         4       4 
     A2         0       0 
     B1         1       1 
     B2         2       2 
   -------------------------
    Total       7       7
   -------------------------

  ==> Iterations <==

                           Total Energy        Delta E     RMS |[F,P]|

   @DF-RHF iter SAD:   -74.21544317826465   -7.42154e+01   0.00000e+00 
   @DF-RHF iter   1:   -74.91375650947002   -6.98313e-01   5.42975e-02 DIIS/ADIIS
   @DF-RHF iter   2:   -74.96247585801436   -4.87193e-02   8.22045e-03 DIIS/ADIIS
   @DF-RHF iter   3:   -74.96333686925301   -8.61011e-04   1.92165e-03 DIIS/ADIIS
   @DF-RHF iter   4:   -74.96340474631012   -6.78771e-05   1.93332e-04 DIIS/ADIIS
   @DF-RHF iter   5:   -74.96340593946326   -1.19315e-06   1.32455e-05 DIIS
   @DF-RHF iter   6:   -74.96340594384644   -4.38318e-09   7.82327e-07 DIIS
  Energy and wave function converged.


  ==> Post-Iterations <==

    Orbital Energies [Eh]
    ---------------------

    Doubly Occupied:                                                      

       1A1   -20.242316     2A1    -1.267014     1B2    -0.616421  
       3A1    -0.452702     1B1    -0.391072  

    Virtual:                                                              

       4A1     0.602951     2B2     0.739065  

    Final Occupation by Irrep:
             A1    A2    B1    B2 
    DOCC [     3,    0,    1,    1 ]
    NA   [     3,    0,    1,    1 ]
    NB   [     3,    0,    1,    1 ]

  @DF-RHF Final Energy:   -74.96340594384644

   => Energetics <=

    Nuclear Repulsion Energy =              9.1681932964243487
    One-Electron Energy =                -122.3241620942217196
    Two-Electron Energy =                  38.1925628539509319
    Total Energy =                        -74.9634059438464391

Computation Completed


Properties will be evaluated at   0.000000,   0.000000,   0.000000 [a0]

Properties computed using the SCF density matrix


 Multipole Moments:

 ------------------------------------------------------------------------------------
     Multipole            Electronic (a.u.)      Nuclear  (a.u.)        Total (a.u.)
 ------------------------------------------------------------------------------------

 L = 1.  Multiply by 2.5417464519 to convert [e a0] to [Debye]
 Dipole X            :          0.0000000            0.0000000            0.0000000
 Dipole Y            :          0.0000000            0.0000000            0.0000000
 Dipole Z            :         -0.3008313            0.9783140            0.6774827
 Magnitude           :                                                    0.6774827

 ------------------------------------------------------------------------------------

*** tstop() called on tsubasa-System-Product-Name at Thu May 11 14:00:19 2023
Module time:
	user time   =       0.62 seconds =       0.01 minutes
	system time =       0.05 seconds =       0.00 minutes
	total time  =          1 seconds =       0.02 minutes
Total time:
	user time   =       0.62 seconds =       0.01 minutes
	system time =       0.05 seconds =       0.00 minutes
	total time  =          1 seconds =       0.02 minutes

Scratch directory: /tmp/

*** tstart() called on tsubasa-System-Product-Name
*** at Thu May 11 14:00:19 2023

   => Loading Basis Set <=

    Name: 3-21G
    Role: ORBITAL
    Keyword: BASIS
    atoms 1   entry O          line    90 file /home/tsubasa/anaconda3/envs/p4dev/share/psi4/basis/3-21g.gbs 
    atoms 2-3 entry H          line    21 file /home/tsubasa/anaconda3/envs/p4dev/share/psi4/basis/3-21g.gbs 


         ---------------------------------------------------------
                                   SCF
               by Justin Turney, Rob Parrish, Andy Simmonett
                          and Daniel G. A. Smith
                              RHF Reference
                        2 Threads,   3814 MiB Core
         ---------------------------------------------------------

  ==> Geometry <==

    Molecular point group: c2v
    Full point group: C2v

    Geometry (in Angstrom), charge = 0, multiplicity = 1:

       Center              X                  Y                   Z               Mass       
    ------------   -----------------  -----------------  -----------------  -----------------
         O            0.000000000000     0.000000000000    -0.065775570547    15.994914619570
         H            0.000000000000    -0.759061990794     0.521953018286     1.007825032230
         H            0.000000000000     0.759061990794     0.521953018286     1.007825032230

  Running in c2v symmetry.

  Rotational constants: A =     27.26297  B =     14.51533  C =      9.47217 [cm^-1]
  Rotational constants: A = 817323.21126  B = 435158.60141  C = 283968.37536 [MHz]
  Nuclear repulsion =    9.168193296424349

  Charge       = 0
  Multiplicity = 1
  Electrons    = 10
  Nalpha       = 5
  Nbeta        = 5

  ==> Algorithm <==

  SCF Algorithm Type is DF.
  DIIS enabled.
  MOM disabled.
  Fractional occupation disabled.
  Guess Type is SAD.
  Energy threshold   = 1.00e-06
  Density threshold  = 1.00e-06
  Integral threshold = 1.00e-12

  ==> Primary Basis <==

  Basis Set: 3-21G
    Blend: 3-21G
    Number of shells: 9
    Number of basis functions: 13
    Number of Cartesian functions: 13
    Spherical Harmonics?: false
    Max angular momentum: 1

   => Loading Basis Set <=

    Name: (3-21G AUX)
    Role: JKFIT
    Keyword: DF_BASIS_SCF
    atoms 1   entry O          line   318 file /home/tsubasa/anaconda3/envs/p4dev/share/psi4/basis/def2-universal-jkfit.gbs 
    atoms 2-3 entry H          line    18 file /home/tsubasa/anaconda3/envs/p4dev/share/psi4/basis/def2-universal-jkfit.gbs 

  ==> Integral Setup <==

  DFHelper Memory: AOs need 0.000 GiB; user supplied 2.794 GiB. Using in-core AOs.

  ==> MemDFJK: Density-Fitted J/K Matrices <==

    J tasked:                   Yes
    K tasked:                   Yes
    wK tasked:                   No
    OpenMP threads:               2
    Memory [MiB]:              2861
    Algorithm:                 Core
    Schwarz Cutoff:           1E-12
    Mask sparsity (%):       0.0000
    Fitting Condition:        1E-10

   => Auxiliary Basis Set <=

  Basis Set: (3-21G AUX)
    Blend: DEF2-UNIVERSAL-JKFIT
    Number of shells: 37
    Number of basis functions: 133
    Number of Cartesian functions: 133
    Spherical Harmonics?: false
    Max angular momentum: 4

  Minimum eigenvalue in the overlap matrix is 1.0292788211E-01.
  Reciprocal condition number of the overlap matrix is 3.6910720281E-02.
    Using symmetric orthogonalization.

  ==> Pre-Iterations <==

  SCF Guess: Superposition of Atomic Densities via on-the-fly atomic UHF (no occupation information).

   -------------------------
    Irrep   Nso     Nmo    
   -------------------------
     A1         7       7 
     A2         0       0 
     B1         2       2 
     B2         4       4 
   -------------------------
    Total      13      13
   -------------------------

  ==> Iterations <==

                           Total Energy        Delta E     RMS |[F,P]|

   @DF-RHF iter SAD:   -75.13906005381648   -7.51391e+01   0.00000e+00 
   @DF-RHF iter   1:   -75.52098918012837   -3.81929e-01   4.57807e-02 DIIS/ADIIS
   @DF-RHF iter   2:   -75.57389364187392   -5.29045e-02   2.41845e-02 DIIS/ADIIS
   @DF-RHF iter   3:   -75.58496222883485   -1.10686e-02   3.22002e-03 DIIS/ADIIS
   @DF-RHF iter   4:   -75.58542130846013   -4.59080e-04   4.86795e-04 DIIS/ADIIS
   @DF-RHF iter   5:   -75.58543227763938   -1.09692e-05   5.31279e-05 DIIS
   @DF-RHF iter   6:   -75.58543250855929   -2.30920e-07   1.32010e-05 DIIS
   @DF-RHF iter   7:   -75.58543252747108   -1.89118e-08   1.95547e-06 DIIS
   @DF-RHF iter   8:   -75.58543252784644   -3.75351e-10   2.39285e-07 DIIS
  Energy and wave function converged.


  ==> Post-Iterations <==

    Orbital Energies [Eh]
    ---------------------

    Doubly Occupied:                                                      

       1A1   -20.428767     2A1    -1.328098     1B2    -0.684137  
       3A1    -0.537247     1B1    -0.479481  

    Virtual:                                                              

       4A1     0.262905     2B2     0.361194     3B2     1.192071  
       5A1     1.305003     2B1     1.782322     6A1     1.867605  
       4B2     2.016081     7A1     3.112116  

    Final Occupation by Irrep:
             A1    A2    B1    B2 
    DOCC [     3,    0,    1,    1 ]
    NA   [     3,    0,    1,    1 ]
    NB   [     3,    0,    1,    1 ]

  @DF-RHF Final Energy:   -75.58543252784644

   => Energetics <=

    Nuclear Repulsion Energy =              9.1681932964243487
    One-Electron Energy =                -122.5917885239160228
    Two-Electron Energy =                  37.8381626996452312
    Total Energy =                        -75.5854325278464501

Computation Completed


Properties will be evaluated at   0.000000,   0.000000,   0.000000 [a0]

Properties computed using the SCF density matrix


 Multipole Moments:

 ------------------------------------------------------------------------------------
     Multipole            Electronic (a.u.)      Nuclear  (a.u.)        Total (a.u.)
 ------------------------------------------------------------------------------------

 L = 1.  Multiply by 2.5417464519 to convert [e a0] to [Debye]
 Dipole X            :          0.0000000            0.0000000            0.0000000
 Dipole Y            :          0.0000000            0.0000000            0.0000000
 Dipole Z            :         -0.0200723            0.9783140            0.9582417
 Magnitude           :                                                    0.9582417

 ------------------------------------------------------------------------------------

*** tstop() called on tsubasa-System-Product-Name at Thu May 11 14:00:19 2023
Module time:
	user time   =       0.43 seconds =       0.01 minutes
	system time =       0.01 seconds =       0.00 minutes
	total time  =          0 seconds =       0.00 minutes
Total time:
	user time   =       1.11 seconds =       0.02 minutes
	system time =       0.06 seconds =       0.00 minutes
	total time  =          1 seconds =       0.02 minutes

Scratch directory: /tmp/

*** tstart() called on tsubasa-System-Product-Name
*** at Thu May 11 14:00:19 2023

   => Loading Basis Set <=

    Name: STO-3G
    Role: ORBITAL
    Keyword: BASIS
    atoms 1   entry O          line    81 file /home/tsubasa/anaconda3/envs/p4dev/share/psi4/basis/sto-3g.gbs 
    atoms 2-3 entry H          line    19 file /home/tsubasa/anaconda3/envs/p4dev/share/psi4/basis/sto-3g.gbs 


         ---------------------------------------------------------
                                   SCF
               by Justin Turney, Rob Parrish, Andy Simmonett
                          and Daniel G. A. Smith
                              RKS Reference
                        2 Threads,   3814 MiB Core
         ---------------------------------------------------------

  ==> Geometry <==

    Molecular point group: c2v
    Full point group: C2v

    Geometry (in Angstrom), charge = 0, multiplicity = 1:

       Center              X                  Y                   Z               Mass       
    ------------   -----------------  -----------------  -----------------  -----------------
         O            0.000000000000     0.000000000000    -0.065775570547    15.994914619570
         H            0.000000000000    -0.759061990794     0.521953018286     1.007825032230
         H            0.000000000000     0.759061990794     0.521953018286     1.007825032230

  Running in c2v symmetry.

  Rotational constants: A =     27.26297  B =     14.51533  C =      9.47217 [cm^-1]
  Rotational constants: A = 817323.21126  B = 435158.60141  C = 283968.37536 [MHz]
  Nuclear repulsion =    9.168193296424349

  Charge       = 0
  Multiplicity = 1
  Electrons    = 10
  Nalpha       = 5
  Nbeta        = 5

  ==> Algorithm <==

  SCF Algorithm Type is DF.
  DIIS enabled.
  MOM disabled.
  Fractional occupation disabled.
  Guess Type is SAD.
  Energy threshold   = 1.00e-06
  Density threshold  = 1.00e-06
  Integral threshold = 1.00e-12

  ==> Primary Basis <==

  Basis Set: STO-3G
    Blend: STO-3G
    Number of shells: 5
    Number of basis functions: 7
    Number of Cartesian functions: 7
    Spherical Harmonics?: true
    Max angular momentum: 1

  ==> DFT Potential <==

   => LibXC <=

    Version 5.2.3
    S. Lehtola, C. Steigemann, M. J. Oliveira, and M. A. Marques, SoftwareX 7, 1 (2018) (10.1016/j.softx.2017.11.002)

   => Composite Functional: B3LYP <= 

    B3LYP Hyb-GGA Exchange-Correlation Functional

    P. J. Stephens, F. J. Devlin, C. F. Chabalowski, and M. J. Frisch, J. Phys. Chem. 98, 11623 (1994) (10.1021/j100096a001)

    Deriv               =              1
    GGA                 =           TRUE
    Meta                =          FALSE

    Exchange Hybrid     =           TRUE
    MP2 Hybrid          =          FALSE

   => Exchange Functionals <=

    0.0800   Slater exchange
    0.7200         Becke 88

   => Exact (HF) Exchange <=

    0.2000               HF 

   => Correlation Functionals <=

    0.1900   Vosko, Wilk & Nusair (VWN5_RPA)
    0.8100   Lee, Yang & Parr

   => LibXC Density Thresholds  <==

    XC_HYB_GGA_XC_B3LYP:  1.00E-15 

   => Molecular Quadrature <=

    Radial Scheme          =       TREUTLER
    Pruning Scheme         =           NONE
    Nuclear Scheme         =       TREUTLER

    Blocking Scheme        =         OCTREE
    BS radius alpha        =              1
    Pruning alpha          =              1
    Radial Points          =             75
    Spherical Points       =            302
    Total Points           =          65751
    Total Blocks           =            552
    Max Points             =            256
    Max Functions          =              7
    Weights Tolerance      =       1.00E-15

   => Loading Basis Set <=

    Name: (STO-3G AUX)
    Role: JKFIT
    Keyword: DF_BASIS_SCF
    atoms 1   entry O          line   318 file /home/tsubasa/anaconda3/envs/p4dev/share/psi4/basis/def2-universal-jkfit.gbs 
    atoms 2-3 entry H          line    18 file /home/tsubasa/anaconda3/envs/p4dev/share/psi4/basis/def2-universal-jkfit.gbs 

  ==> Integral Setup <==

  DFHelper Memory: AOs need 0.000 GiB; user supplied 2.781 GiB. Using in-core AOs.

  ==> MemDFJK: Density-Fitted J/K Matrices <==

    J tasked:                   Yes
    K tasked:                   Yes
    wK tasked:                   No
    OpenMP threads:               2
    Memory [MiB]:              2847
    Algorithm:                 Core
    Schwarz Cutoff:           1E-12
    Mask sparsity (%):       0.0000
    Fitting Condition:        1E-10

   => Auxiliary Basis Set <=

  Basis Set: (STO-3G AUX)
    Blend: DEF2-UNIVERSAL-JKFIT
    Number of shells: 37
    Number of basis functions: 113
    Number of Cartesian functions: 133
    Spherical Harmonics?: true
    Max angular momentum: 4

  Cached 100.0% of DFT collocation blocks in 0.013 [GiB].

  Minimum eigenvalue in the overlap matrix is 3.1302576679E-01.
  Reciprocal condition number of the overlap matrix is 1.8132900373E-01.
    Using symmetric orthogonalization.

  ==> Pre-Iterations <==

  SCF Guess: Superposition of Atomic Densities via on-the-fly atomic UHF (no occupation information).

   -------------------------
    Irrep   Nso     Nmo    
   -------------------------
     A1         4       4 
     A2         0       0 
     B1         1       1 
     B2         2       2 
   -------------------------
    Total       7       7
   -------------------------

  ==> Iterations <==

                           Total Energy        Delta E     RMS |[F,P]|

   @DF-RKS iter SAD:   -74.89057595672988   -7.48906e+01   0.00000e+00 
   @DF-RKS iter   1:   -75.28733635906740   -3.96760e-01   4.07297e-02 DIIS/ADIIS
   @DF-RKS iter   2:   -75.30174654865857   -1.44102e-02   2.92837e-02 DIIS/ADIIS
   @DF-RKS iter   3:   -75.31335335543608   -1.16068e-02   2.84138e-03 DIIS/ADIIS
   @DF-RKS iter   4:   -75.31346324853976   -1.09893e-04   4.90125e-05 DIIS
   @DF-RKS iter   5:   -75.31346328152847   -3.29887e-08   2.61014e-07 DIIS
  Energy and wave function converged.


  ==> Post-Iterations <==

   Electrons on quadrature grid:
      Ntotal   =   10.0000001880 ; deviation = 1.880e-07 

    Orbital Energies [Eh]
    ---------------------

    Doubly Occupied:                                                      

       1A1   -18.835833     2A1    -0.934397     1B2    -0.442725  
       3A1    -0.230623     1B1    -0.144073  

    Virtual:                                                              

       4A1     0.353298     2B2     0.469181  

    Final Occupation by Irrep:
             A1    A2    B1    B2 
    DOCC [     3,    0,    1,    1 ]
    NA   [     3,    0,    1,    1 ]
    NB   [     3,    0,    1,    1 ]

  @DF-RKS Final Energy:   -75.31346328152847

   => Energetics <=

    Nuclear Repulsion Energy =              9.1681932964243487
    One-Electron Energy =                -122.3169964134610552
    Two-Electron Energy =                  45.4663073705924106
    DFT Exchange-Correlation Energy =      -7.6309675350841744
    Empirical Dispersion Energy =           0.0000000000000000
    VV10 Nonlocal Energy =                  0.0000000000000000
    Total Energy =                        -75.3134632815284704

Computation Completed


Properties will be evaluated at   0.000000,   0.000000,   0.000000 [a0]

Properties computed using the SCF density matrix


 Multipole Moments:

 ------------------------------------------------------------------------------------
     Multipole            Electronic (a.u.)      Nuclear  (a.u.)        Total (a.u.)
 ------------------------------------------------------------------------------------

 L = 1.  Multiply by 2.5417464519 to convert [e a0] to [Debye]
 Dipole X            :          0.0000000            0.0000000            0.0000000
 Dipole Y            :          0.0000000            0.0000000            0.0000000
 Dipole Z            :         -0.3195195            0.9783140            0.6587945
 Magnitude           :                                                    0.6587945

 ------------------------------------------------------------------------------------

*** tstop() called on tsubasa-System-Product-Name at Thu May 11 14:00:20 2023
Module time:
	user time   =       0.81 seconds =       0.01 minutes
	system time =       0.00 seconds =       0.00 minutes
	total time  =          1 seconds =       0.02 minutes
Total time:
	user time   =       1.98 seconds =       0.03 minutes
	system time =       0.06 seconds =       0.00 minutes
	total time  =          2 seconds =       0.03 minutes

Scratch directory: /tmp/

*** tstart() called on tsubasa-System-Product-Name
*** at Thu May 11 14:00:20 2023

   => Loading Basis Set <=

    Name: 3-21G
    Role: ORBITAL
    Keyword: BASIS
    atoms 1   entry O          line    90 file /home/tsubasa/anaconda3/envs/p4dev/share/psi4/basis/3-21g.gbs 
    atoms 2-3 entry H          line    21 file /home/tsubasa/anaconda3/envs/p4dev/share/psi4/basis/3-21g.gbs 


         ---------------------------------------------------------
                                   SCF
               by Justin Turney, Rob Parrish, Andy Simmonett
                          and Daniel G. A. Smith
                              RKS Reference
                        2 Threads,   3814 MiB Core
         ---------------------------------------------------------

  ==> Geometry <==

    Molecular point group: c2v
    Full point group: C2v

    Geometry (in Angstrom), charge = 0, multiplicity = 1:

       Center              X                  Y                   Z               Mass       
    ------------   -----------------  -----------------  -----------------  -----------------
         O            0.000000000000     0.000000000000    -0.065775570547    15.994914619570
         H            0.000000000000    -0.759061990794     0.521953018286     1.007825032230
         H            0.000000000000     0.759061990794     0.521953018286     1.007825032230

  Running in c2v symmetry.

  Rotational constants: A =     27.26297  B =     14.51533  C =      9.47217 [cm^-1]
  Rotational constants: A = 817323.21126  B = 435158.60141  C = 283968.37536 [MHz]
  Nuclear repulsion =    9.168193296424349

  Charge       = 0
  Multiplicity = 1
  Electrons    = 10
  Nalpha       = 5
  Nbeta        = 5

  ==> Algorithm <==

  SCF Algorithm Type is DF.
  DIIS enabled.
  MOM disabled.
  Fractional occupation disabled.
  Guess Type is SAD.
  Energy threshold   = 1.00e-06
  Density threshold  = 1.00e-06
  Integral threshold = 1.00e-12

  ==> Primary Basis <==

  Basis Set: 3-21G
    Blend: 3-21G
    Number of shells: 9
    Number of basis functions: 13
    Number of Cartesian functions: 13
    Spherical Harmonics?: false
    Max angular momentum: 1

  ==> DFT Potential <==

   => LibXC <=

    Version 5.2.3
    S. Lehtola, C. Steigemann, M. J. Oliveira, and M. A. Marques, SoftwareX 7, 1 (2018) (10.1016/j.softx.2017.11.002)

   => Composite Functional: B3LYP <= 

    B3LYP Hyb-GGA Exchange-Correlation Functional

    P. J. Stephens, F. J. Devlin, C. F. Chabalowski, and M. J. Frisch, J. Phys. Chem. 98, 11623 (1994) (10.1021/j100096a001)

    Deriv               =              1
    GGA                 =           TRUE
    Meta                =          FALSE

    Exchange Hybrid     =           TRUE
    MP2 Hybrid          =          FALSE

   => Exchange Functionals <=

    0.0800   Slater exchange
    0.7200         Becke 88

   => Exact (HF) Exchange <=

    0.2000               HF 

   => Correlation Functionals <=

    0.1900   Vosko, Wilk & Nusair (VWN5_RPA)
    0.8100   Lee, Yang & Parr

   => LibXC Density Thresholds  <==

    XC_HYB_GGA_XC_B3LYP:  1.00E-15 

   => Molecular Quadrature <=

    Radial Scheme          =       TREUTLER
    Pruning Scheme         =           NONE
    Nuclear Scheme         =       TREUTLER

    Blocking Scheme        =         OCTREE
    BS radius alpha        =              1
    Pruning alpha          =              1
    Radial Points          =             75
    Spherical Points       =            302
    Total Points           =          65697
    Total Blocks           =            553
    Max Points             =            256
    Max Functions          =             13
    Weights Tolerance      =       1.00E-15

   => Loading Basis Set <=

    Name: (3-21G AUX)
    Role: JKFIT
    Keyword: DF_BASIS_SCF
    atoms 1   entry O          line   318 file /home/tsubasa/anaconda3/envs/p4dev/share/psi4/basis/def2-universal-jkfit.gbs 
    atoms 2-3 entry H          line    18 file /home/tsubasa/anaconda3/envs/p4dev/share/psi4/basis/def2-universal-jkfit.gbs 

  ==> Integral Setup <==

  DFHelper Memory: AOs need 0.000 GiB; user supplied 2.770 GiB. Using in-core AOs.

  ==> MemDFJK: Density-Fitted J/K Matrices <==

    J tasked:                   Yes
    K tasked:                   Yes
    wK tasked:                   No
    OpenMP threads:               2
    Memory [MiB]:              2836
    Algorithm:                 Core
    Schwarz Cutoff:           1E-12
    Mask sparsity (%):       0.0000
    Fitting Condition:        1E-10

   => Auxiliary Basis Set <=

  Basis Set: (3-21G AUX)
    Blend: DEF2-UNIVERSAL-JKFIT
    Number of shells: 37
    Number of basis functions: 133
    Number of Cartesian functions: 133
    Spherical Harmonics?: false
    Max angular momentum: 4

  Cached 100.0% of DFT collocation blocks in 0.023 [GiB].

  Minimum eigenvalue in the overlap matrix is 1.0292788211E-01.
  Reciprocal condition number of the overlap matrix is 3.6910720281E-02.
    Using symmetric orthogonalization.

  ==> Pre-Iterations <==

  SCF Guess: Superposition of Atomic Densities via on-the-fly atomic UHF (no occupation information).

   -------------------------
    Irrep   Nso     Nmo    
   -------------------------
     A1         7       7 
     A2         0       0 
     B1         2       2 
     B2         4       4 
   -------------------------
    Total      13      13
   -------------------------

  ==> Iterations <==

                           Total Energy        Delta E     RMS |[F,P]|

   @DF-RKS iter SAD:   -75.72855022446208   -7.57286e+01   0.00000e+00 
   @DF-RKS iter   1:   -75.86187399946813   -1.33324e-01   6.81451e-02 DIIS/ADIIS
   @DF-RKS iter   2:   -75.80695907582775    5.49149e-02   8.34671e-02 DIIS/ADIIS
   @DF-RKS iter   3:   -75.97105096122706   -1.64092e-01   6.10293e-03 DIIS/ADIIS
   @DF-RKS iter   4:   -75.97182729825848   -7.76337e-04   6.39623e-05 DIIS
   @DF-RKS iter   5:   -75.97182739829830   -1.00040e-07   4.15460e-06 DIIS
   @DF-RKS iter   6:   -75.97182739905270   -7.54397e-10   6.03552e-07 DIIS
  Energy and wave function converged.


  ==> Post-Iterations <==

   Electrons on quadrature grid:
      Ntotal   =   10.0000000109 ; deviation = 1.087e-08 

    Orbital Energies [Eh]
    ---------------------

    Doubly Occupied:                                                      

       1A1   -18.995552     2A1    -0.990468     1B2    -0.506533  
       3A1    -0.325254     1B1    -0.258071  

    Virtual:                                                              

       4A1     0.100004     2B2     0.192514     3B2     0.930236  
       5A1     1.012531     2B1     1.439175     6A1     1.518290  
       4B2     1.644381     7A1     2.752861  

    Final Occupation by Irrep:
             A1    A2    B1    B2 
    DOCC [     3,    0,    1,    1 ]
    NA   [     3,    0,    1,    1 ]
    NB   [     3,    0,    1,    1 ]

  @DF-RKS Final Energy:   -75.97182739905270

   => Energetics <=

    Nuclear Repulsion Energy =              9.1681932964243487
    One-Electron Energy =                -122.6972628212408551
    Two-Electron Energy =                  45.1251501280569443
    DFT Exchange-Correlation Energy =      -7.5679080022931338
    Empirical Dispersion Energy =           0.0000000000000000
    VV10 Nonlocal Energy =                  0.0000000000000000
    Total Energy =                        -75.9718273990526995

Computation Completed


Properties will be evaluated at   0.000000,   0.000000,   0.000000 [a0]

Properties computed using the SCF density matrix


 Multipole Moments:

 ------------------------------------------------------------------------------------
     Multipole            Electronic (a.u.)      Nuclear  (a.u.)        Total (a.u.)
 ------------------------------------------------------------------------------------

 L = 1.  Multiply by 2.5417464519 to convert [e a0] to [Debye]
 Dipole X            :          0.0000000            0.0000000            0.0000000
 Dipole Y            :          0.0000000            0.0000000            0.0000000
 Dipole Z            :         -0.0914075            0.9783140            0.8869065
 Magnitude           :                                                    0.8869065

 ------------------------------------------------------------------------------------

*** tstop() called on tsubasa-System-Product-Name at Thu May 11 14:00:20 2023
Module time:
	user time   =       0.88 seconds =       0.01 minutes
	system time =       0.03 seconds =       0.00 minutes
	total time  =          0 seconds =       0.00 minutes
Total time:
	user time   =       2.92 seconds =       0.05 minutes
	system time =       0.10 seconds =       0.00 minutes
	total time  =          2 seconds =       0.03 minutes
