hessian() using ref_gradient to assess stationary point.

  Based on options and gradient (rms=4.69E-06), recommend projecting translations and projecting rotations.
hessian() will perform analytic frequency computation.

*** tstart() called on tsubasa-System-Product-Name
*** at Sat May 13 05:48:18 2023

   => Loading Basis Set <=

    Name: 6-31G(D)
    Role: ORBITAL
    Keyword: BASIS
    atoms 1   entry N          line   128 file /home/tsubasa/anaconda3/envs/p4dev/share/psi4/basis/6-31g_d_.gbs 
    atoms 2-4 entry H          line    44 file /home/tsubasa/anaconda3/envs/p4dev/share/psi4/basis/6-31g_d_.gbs 


         ---------------------------------------------------------
                                   SCF
               by Justin Turney, Rob Parrish, Andy Simmonett
                          and Daniel G. A. Smith
                              RHF Reference
                        1 Threads,    500 MiB Core
         ---------------------------------------------------------

  ==> Geometry <==

    Molecular point group: cs
    Full point group: C3v

    Geometry (in Angstrom), charge = 0, multiplicity = 1:

       Center              X                  Y                   Z               Mass       
    ------------   -----------------  -----------------  -----------------  -----------------
         N            0.000000000083     0.065759700804     0.000000000000    14.003074004430
         H            0.465806191625    -0.304562772236    -0.806799991660     1.007825032230
         H            0.465806191625    -0.304562772236     0.806799991660     1.007825032230
         H           -0.931612384404    -0.304562771868     0.000000000000     1.007825032230

  Running in cs symmetry.

  Rotational constants: A =     10.19792  B =     10.19792  C =      6.42421 [cm^-1]
  Rotational constants: A = 305725.83144  B = 305725.83107  C = 192592.91085 [MHz]
  Nuclear repulsion =   12.068665347225050

  Charge       = 0
  Multiplicity = 1
  Electrons    = 10
  Nalpha       = 5
  Nbeta        = 5

  ==> Algorithm <==

  SCF Algorithm Type is DF.
  DIIS enabled.
  MOM disabled.
  Fractional occupation disabled.
  Guess Type is SAD.
  Energy threshold   = 1.00e-08
  Density threshold  = 1.00e-08
  Integral threshold = 1.00e-12

  ==> Primary Basis <==

  Basis Set: 6-31G(D)
    Blend: 6-31G(D)
    Number of shells: 12
    Number of basis functions: 21
    Number of Cartesian functions: 21
    Spherical Harmonics?: false
    Max angular momentum: 2

   => Loading Basis Set <=

    Name: (6-31G(D) AUX)
    Role: JKFIT
    Keyword: DF_BASIS_SCF
    atoms 1   entry N          line   171 file /home/tsubasa/anaconda3/envs/p4dev/share/psi4/basis/cc-pvdz-jkfit.gbs 
    atoms 2-4 entry H          line    51 file /home/tsubasa/anaconda3/envs/p4dev/share/psi4/basis/cc-pvdz-jkfit.gbs 

  ==> Integral Setup <==

  DFHelper Memory: AOs need 0.001 GiB; user supplied 0.366 GiB. Using in-core AOs.

  ==> MemDFJK: Density-Fitted J/K Matrices <==

    J tasked:                   Yes
    K tasked:                   Yes
    wK tasked:                   No
    OpenMP threads:               1
    Memory [MiB]:               375
    Algorithm:                 Core
    Schwarz Cutoff:           1E-12
    Mask sparsity (%):       0.0000
    Fitting Condition:        1E-10

   => Auxiliary Basis Set <=

  Basis Set: (6-31G(D) AUX)
    Blend: CC-PVDZ-JKFIT
    Number of shells: 51
    Number of basis functions: 156
    Number of Cartesian functions: 156
    Spherical Harmonics?: false
    Max angular momentum: 3

  Minimum eigenvalue in the overlap matrix is 2.0977544418E-02.
  Reciprocal condition number of the overlap matrix is 4.2554459764E-03.
    Using symmetric orthogonalization.

  ==> Pre-Iterations <==

  SCF Guess: Superposition of Atomic Densities via on-the-fly atomic UHF (no occupation information).

   -------------------------
    Irrep   Nso     Nmo    
   -------------------------
     A'        15      15 
     A"         6       6 
   -------------------------
    Total      21      21
   -------------------------

  ==> Iterations <==

                           Total Energy        Delta E     RMS |[F,P]|

   @DF-RHF iter SAD:   -55.72149586172495   -5.57215e+01   0.00000e+00 
   @DF-RHF iter   1:   -56.11330983733070   -3.91814e-01   2.37175e-02 ADIIS/DIIS
   @DF-RHF iter   2:   -56.16882509767731   -5.55153e-02   1.21499e-02 ADIIS/DIIS
   @DF-RHF iter   3:   -56.18386307596347   -1.50380e-02   1.54382e-03 ADIIS/DIIS
   @DF-RHF iter   4:   -56.18433189454920   -4.68819e-04   2.26389e-04 ADIIS/DIIS
   @DF-RHF iter   5:   -56.18434274046240   -1.08459e-05   4.66682e-05 DIIS
   @DF-RHF iter   6:   -56.18434358777587   -8.47313e-07   9.45564e-06 DIIS
   @DF-RHF iter   7:   -56.18434363897753   -5.12017e-08   1.86597e-06 DIIS
   @DF-RHF iter   8:   -56.18434364068840   -1.71087e-09   3.54907e-07 DIIS
   @DF-RHF iter   9:   -56.18434364073450   -4.61071e-11   3.45399e-08 DIIS
   @DF-RHF iter  10:   -56.18434364073479   -2.84217e-13   2.91161e-09 DIIS
  Energy and wave function converged.


  ==> Post-Iterations <==

    Orbital Energies [Eh]
    ---------------------

    Doubly Occupied:                                                      

       1Ap   -15.534377     2Ap    -1.140258     1App   -0.627641  
       3Ap    -0.627641     4Ap    -0.419833  

    Virtual:                                                              

       5Ap     0.222946     6Ap     0.324922     2App    0.324922  
       7Ap     0.896547     3App    0.896547     8Ap     0.969968  
       9Ap     1.219138    10Ap     1.232314     4App    1.232314  
      11Ap     1.364419     5App    1.964092    12Ap     1.964092  
      13Ap     2.283021     6App    2.770362    14Ap     2.770362  
      15Ap     4.096398  

    Final Occupation by Irrep:
             Ap   App 
    DOCC [     4,    1 ]
    NA   [     4,    1 ]
    NB   [     4,    1 ]

  @DF-RHF Final Energy:   -56.18434364073479

   => Energetics <=

    Nuclear Repulsion Energy =             12.0686653472250498
    One-Electron Energy =                 -99.8065189528702632
    Two-Electron Energy =                  31.5535099649104254
    Total Energy =                        -56.1843436407347880

Computation Completed


Properties will be evaluated at   0.000000,   0.000000,   0.000000 [a0]

Properties computed using the SCF density matrix


 Multipole Moments:

 ------------------------------------------------------------------------------------
     Multipole            Electronic (a.u.)      Nuclear  (a.u.)        Total (a.u.)
 ------------------------------------------------------------------------------------

 L = 1.  Multiply by 2.5417464519 to convert [e a0] to [Debye]
 Dipole X            :          0.0000000           -0.0000000           -0.0000000
 Dipole Y            :          0.1013289           -0.8567459           -0.7554170
 Dipole Z            :          0.0000000            0.0000000            0.0000000
 Magnitude           :                                                    0.7554170

 ------------------------------------------------------------------------------------

*** tstop() called on tsubasa-System-Product-Name at Sat May 13 05:48:19 2023
Module time:
	user time   =       0.34 seconds =       0.01 minutes
	system time =       0.01 seconds =       0.00 minutes
	total time  =          1 seconds =       0.02 minutes
Total time:
	user time   =     254.12 seconds =       4.24 minutes
	system time =       3.20 seconds =       0.05 minutes
	total time  =      75401 seconds =    1256.68 minutes

*** tstart() called on tsubasa-System-Product-Name
*** at Sat May 13 05:48:19 2023


         ------------------------------------------------------------
                                   SCF HESS                          
                          Rob Parrish, Justin Turney,                
                       Andy Simmonett, and Alex Sokolov              
         ------------------------------------------------------------

  ==> Geometry <==

    Molecular point group: cs
    Full point group: C3v

    Geometry (in Angstrom), charge = 0, multiplicity = 1:

       Center              X                  Y                   Z               Mass       
    ------------   -----------------  -----------------  -----------------  -----------------
         N            0.000000000083     0.065759700804     0.000000000000    14.003074004430
         H            0.465806191625    -0.304562772236    -0.806799991660     1.007825032230
         H            0.465806191625    -0.304562772236     0.806799991660     1.007825032230
         H           -0.931612384404    -0.304562771868     0.000000000000     1.007825032230

  Nuclear repulsion =   12.068665347225050

  ==> Basis Set <==

  Basis Set: 6-31G(D)
    Blend: 6-31G(D)
    Number of shells: 12
    Number of basis functions: 21
    Number of Cartesian functions: 21
    Spherical Harmonics?: false
    Max angular momentum: 2

  ==> DFJKGrad: Density-Fitted SCF Gradients <==

    Gradient:                    2
    J tasked:                  Yes
    K tasked:                  Yes
    wK tasked:                  No
    OpenMP threads:              1
    Integrals threads:           1
    Memory [MiB]:              375
    Schwarz Cutoff:          1E-12
    Fitting Condition:       1E-10

   => Auxiliary Basis Set <=

  Basis Set: (6-31G(D) AUX)
    Blend: CC-PVDZ-JKFIT
    Number of shells: 51
    Number of basis functions: 156
    Number of Cartesian functions: 156
    Spherical Harmonics?: false
    Max angular momentum: 3

  DFHelper Memory: AOs need 0.001 GiB; user supplied 0.439 GiB. Using in-core AOs.

  ==> MemDFJK: Density-Fitted J/K Matrices <==

    J tasked:                   Yes
    K tasked:                   Yes
    wK tasked:                   No
    OpenMP threads:               1
    Memory [MiB]:               450
    Algorithm:                 Core
    Schwarz Cutoff:           1E-12
    Mask sparsity (%):       0.0000
    Fitting Condition:        1E-10

   => Auxiliary Basis Set <=

  Basis Set: (6-31G(D) AUX)
    Blend: CC-PVDZ-JKFIT
    Number of shells: 51
    Number of basis functions: 156
    Number of Cartesian functions: 156
    Spherical Harmonics?: false
    Max angular momentum: 3


   ==> Coupled-Perturbed RHF Solver <==

    Maxiter             =         100
    Convergence         =   1.000E-06
    Number of equations =          12
   -----------------------------------------------------
     Iter   Residual RMS      Max RMS  Remain  Time [s]
   -----------------------------------------------------
        1      5.788e-01    7.293e-01      12         0
        2      1.298e-01    1.592e-01      12         0
        3      3.016e-02    4.722e-02      12         0
        4      4.600e-03    8.599e-03      12         0
        5      8.697e-04    1.379e-03      12         0
        6      1.502e-04    2.103e-04      12         0
        7      2.274e-05    3.279e-05      12         0
        8      5.224e-06    9.346e-06       8         0
        9      1.393e-06    2.666e-06       8         0
       10      3.758e-07    2.642e-07       0         0
  ## Total Hessian (Symmetry 0) ##
  Irrep: 1 Size: 12 x 12

                 1                   2                   3                   4                   5

    1     0.74184301625486    -0.00000000007172     0.00000000002567    -0.16223953205608     0.09829358131329
    2    -0.00000000007172     0.26626215081766     0.00000000009225     0.06640339445044    -0.08875405033046
    3     0.00000000002567     0.00000000009225     0.74184301721436     0.14729615234170    -0.17024947703741
    4    -0.16223953205608     0.06640339445044     0.14729615234170     0.16762660728724    -0.07743538091100
    5     0.09829358131329    -0.08875405033046    -0.17024947703741    -0.07743538091100     0.08167955040579
    6     0.14729615235542    -0.11501405307717    -0.33232247912134    -0.16560355745546     0.13412201417469
    7    -0.16223953205903     0.06640339446664    -0.14729615231997     0.01316114027797    -0.00982621396901
    8     0.09829358131251    -0.08875405028019     0.17024947696662    -0.00982621393822     0.00353724994762
    9    -0.14729615234787     0.11501405299919    -0.33232247906312    -0.02177598769044     0.01841180800884
   10    -0.41736395212848    -0.13280678879562    -0.00000000002261    -0.01854821550526    -0.01103198645407
   11    -0.19658716256151    -0.08875405019993    -0.00000000002352     0.02085820039885     0.00353724997489
   12    -0.00000000001189    -0.00000000003193    -0.07719805901697     0.04008339280674     0.01771565485531

                 6                   7                   8                   9                  10

    1     0.14729615235542    -0.16223953205903     0.09829358131251    -0.14729615234787    -0.41736395212848
    2    -0.11501405307717     0.06640339446664    -0.08875405028019     0.11501405299919    -0.13280678879562
    3    -0.33232247912134    -0.14729615231997     0.17024947696662    -0.33232247906312    -0.00000000002261
    4    -0.16560355745546     0.01316114027797    -0.00982621393822    -0.02177598769044    -0.01854821550526
    5     0.13412201417469    -0.00982621396901     0.00353724994762     0.01841180800884    -0.01103198645407
    6     0.35884912481621     0.02177598765038    -0.01841180799018    -0.02911800072303    -0.00346858254062
    7     0.02177598765038     0.16762660726463    -0.07743538090339     0.16560355745182    -0.01854821548027
    8    -0.01841180799018    -0.07743538090339     0.08167955038092    -0.13412201413576    -0.01103198648058
    9    -0.02911800072303     0.16560355745182    -0.13412201413576     0.35884912476935     0.00346858256619
   10    -0.00346858254062    -0.01854821548027    -0.01103198648058     0.00346858256619     0.45446038307867
   11    -0.00069615310987     0.02085820040897     0.00353724996261     0.00069615311880     0.15487076174553
   12     0.00259135503116    -0.04008339279397    -0.01771565482688     0.00259135501830     0.00000000000550

                11                  12

    1    -0.19658716256151    -0.00000000001189
    2    -0.08875405019993    -0.00000000003193
    3    -0.00000000002352    -0.07719805901697
    4     0.02085820039885     0.04008339280674
    5     0.00353724997489     0.01771565485531
    6    -0.00069615310987     0.00259135503116
    7     0.02085820040897    -0.04008339279397
    8     0.00353724996261    -0.01771565482688
    9     0.00069615311880     0.00259135501830
   10     0.15487076174553     0.00000000000550
   11     0.08167955026015     0.00000000000842
   12     0.00000000000842     0.07201534897850




*** tstop() called on tsubasa-System-Product-Name at Sat May 13 05:48:19 2023
Module time:
	user time   =       0.27 seconds =       0.00 minutes
	system time =       0.02 seconds =       0.00 minutes
	total time  =          0 seconds =       0.00 minutes
Total time:
	user time   =     254.39 seconds =       4.24 minutes
	system time =       3.22 seconds =       0.05 minutes
	total time  =      75401 seconds =    1256.68 minutes


  ==> Harmonic Vibrational Analysis <==

  non-mass-weighted Hessian:       Symmetric? True   Hermitian? True   Lin Dep Dim?  0 (0)
  projection of translations (True) and rotations (True) removed 6 degrees of freedom (6)
  total projector:                 Symmetric? True   Hermitian? True   Lin Dep Dim?  6 (6)
  mass-weighted Hessian:           Symmetric? True   Hermitian? True   Lin Dep Dim?  0 (0)
  pre-proj  low-frequency mode:    0.0000i [cm^-1]
  pre-proj  low-frequency mode:    0.0000i [cm^-1]
  pre-proj  low-frequency mode:    0.0000i [cm^-1]
  pre-proj  low-frequency mode:    0.0000i [cm^-1]
  pre-proj  low-frequency mode:    0.0051  [cm^-1]
  pre-proj  low-frequency mode:    0.0076  [cm^-1]
  pre-proj  all modes:['8.0620i' '3.5490i' '3.5487i' '0.0067i' '0.0051' '0.0076' '1209.2092'
 '1849.6262' '1849.6262' '3689.4237' '3822.4697' '3822.4697']
  projected mass-weighted Hessian: Symmetric? True   Hermitian? True   Lin Dep Dim?  6 (6)
  post-proj low-frequency mode:    0.0001i [cm^-1] (TR)
  post-proj low-frequency mode:    0.0001i [cm^-1] (TR)
  post-proj low-frequency mode:    0.0000i [cm^-1] (TR)
  post-proj low-frequency mode:    0.0000  [cm^-1] (TR)
  post-proj low-frequency mode:    0.0000  [cm^-1] (TR)
  post-proj low-frequency mode:    0.0000  [cm^-1] (TR)
  post-proj  all modes:['0.0001i' '0.0001i' '0.0000i' '0.0000' '0.0000' '0.0000' '1209.2092'
 '1849.6262' '1849.6262' '3689.4237' '3822.4697' '3822.4697']

  Vibration                       7                   8                   9           
  Freq [cm^-1]                1209.2092           1849.6262           1849.6262       
  Irrep                           Ap                                                  
  Reduced mass [u]              1.1805              1.0661              1.0661        
  Force const [mDyne/A]         1.0170              2.1490              2.1490        
  Turning point v=0 [a0]        0.2904              0.2471              0.2471        
  RMS dev v=0 [a0 u^1/2]        0.2231              0.1804              0.1804        
  IR activ [km/mol]            218.2521            21.3259             21.3259        
  Char temp [K]               1739.7827           2661.2002           2661.2002       
  ----------------------------------------------------------------------------------
      1   N               -0.00 -0.12  0.00   -0.07  0.00  0.01   -0.01 -0.00 -0.07   
      2   H                0.10  0.53 -0.18    0.45 -0.16  0.37    0.49  0.19  0.16   
      3   H                0.10  0.53  0.18    0.60 -0.08 -0.40   -0.28 -0.23  0.01   
      4   H               -0.21  0.53 -0.00   -0.14  0.24 -0.15   -0.03  0.05  0.75   

  Vibration                       10                  11                  12          
  Freq [cm^-1]                3689.4237           3822.4697           3822.4697       
  Irrep                           Ap                                                  
  Reduced mass [u]              1.0269              1.0908              1.0908        
  Force const [mDyne/A]         8.2354              9.3908              9.3908        
  Turning point v=0 [a0]        0.1783              0.1699              0.1699        
  RMS dev v=0 [a0 u^1/2]        0.1277              0.1255              0.1255        
  IR activ [km/mol]             0.3187              0.4685              0.4685        
  Char temp [K]               5308.2593           5499.6828           5499.6828       
  ----------------------------------------------------------------------------------
      1   N               -0.00 -0.04  0.00   -0.08  0.00  0.00   -0.00 -0.00 -0.08   
      2   H               -0.27  0.18  0.48    0.19 -0.15 -0.35   -0.33  0.25  0.55   
      3   H               -0.27  0.18 -0.48    0.17 -0.14  0.32    0.34 -0.26  0.57   
      4   H                0.55  0.18  0.00    0.76  0.29  0.00    0.02  0.01 -0.02   

  ==> Thermochemistry Components <==

  Entropy, S
    Electronic S            0.000 [cal/(mol K)]        0.000 [J/(mol K)]       0.00000000 [mEh/K] (multiplicity = 1)
    Translational S        34.441 [cal/(mol K)]      144.100 [J/(mol K)]       0.05488488 [mEh/K] (mol. weight = 17.0265 [u], P = 101325.00 [Pa])
    Rotational S           11.371 [cal/(mol K)]       47.577 [J/(mol K)]       0.01812124 [mEh/K] (symmetry no. = 3)
    Vibrational S           0.045 [cal/(mol K)]        0.188 [J/(mol K)]       0.00007180 [mEh/K]
  Total S                  45.857 [cal/(mol K)]      191.866 [J/(mol K)]       0.07307792 [mEh/K]
  Correction S              0.000 [cal/(mol K)]        0.000 [J/(mol K)]       0.00000000 [mEh/K]

  Constant volume heat capacity, Cv
    Electronic Cv           0.000 [cal/(mol K)]        0.000 [J/(mol K)]       0.00000000 [mEh/K]
    Translational Cv        2.981 [cal/(mol K)]       12.472 [J/(mol K)]       0.00475022 [mEh/K]
    Rotational Cv           2.981 [cal/(mol K)]       12.472 [J/(mol K)]       0.00475022 [mEh/K]
    Vibrational Cv          0.241 [cal/(mol K)]        1.009 [J/(mol K)]       0.00038413 [mEh/K]
  Total Cv                  6.203 [cal/(mol K)]       25.952 [J/(mol K)]       0.00988457 [mEh/K]
  Correction Cv             0.000 [cal/(mol K)]        0.000 [J/(mol K)]       0.00000000 [mEh/K]

  Constant pressure heat capacity, Cp
    Electronic Cp           0.000 [cal/(mol K)]        0.000 [J/(mol K)]       0.00000000 [mEh/K]
    Translational Cp        4.968 [cal/(mol K)]       20.786 [J/(mol K)]       0.00791703 [mEh/K]
    Rotational Cp           2.981 [cal/(mol K)]       12.472 [J/(mol K)]       0.00475022 [mEh/K]
    Vibrational Cp          0.241 [cal/(mol K)]        1.009 [J/(mol K)]       0.00038413 [mEh/K]
  Total Cp                  8.190 [cal/(mol K)]       34.266 [J/(mol K)]       0.01305138 [mEh/K]
  Correction Cp             0.000 [cal/(mol K)]        0.000 [J/(mol K)]       0.00000000 [mEh/K]

  ==> Thermochemistry Energy Analysis <==

  Raw electronic energy, E0
  Total E0, Electronic energy at well bottom at 0 [K]                  -56.18434364 [Eh]

  Zero-point energy, ZPE_vib = Sum_i nu_i / 2
    Electronic ZPE          0.000 [kcal/mol]        0.000 [kJ/mol]       0.00000000 [Eh]
    Translational ZPE       0.000 [kcal/mol]        0.000 [kJ/mol]       0.00000000 [Eh]
    Rotational ZPE          0.000 [kcal/mol]        0.000 [kJ/mol]       0.00000000 [Eh]
    Vibrational ZPE        23.220 [kcal/mol]       97.154 [kJ/mol]       0.03700388 [Eh]        8121.412 [cm^-1]
  Correction ZPE           23.220 [kcal/mol]       97.154 [kJ/mol]       0.03700388 [Eh]        8121.412 [cm^-1]
  Total ZPE, Electronic energy at 0 [K]                                -56.14733976 [Eh]

  Thermal Energy, E (includes ZPE)
    Electronic E            0.000 [kcal/mol]        0.000 [kJ/mol]       0.00000000 [Eh]
    Translational E         0.889 [kcal/mol]        3.718 [kJ/mol]       0.00141628 [Eh]
    Rotational E            0.889 [kcal/mol]        3.718 [kJ/mol]       0.00141628 [Eh]
    Vibrational E          23.232 [kcal/mol]       97.202 [kJ/mol]       0.03702227 [Eh]
  Correction E             25.009 [kcal/mol]      104.639 [kJ/mol]       0.03985482 [Eh]
  Total E, Electronic energy at  298.15 [K]                            -56.14448882 [Eh]

  Enthalpy, H_trans = E_trans + k_B * T
    Electronic H            0.000 [kcal/mol]        0.000 [kJ/mol]       0.00000000 [Eh]
    Translational H         1.481 [kcal/mol]        6.197 [kJ/mol]       0.00236046 [Eh]
    Rotational H            0.889 [kcal/mol]        3.718 [kJ/mol]       0.00141628 [Eh]
    Vibrational H          23.232 [kcal/mol]       97.202 [kJ/mol]       0.03702227 [Eh]
  Correction H             25.602 [kcal/mol]      107.118 [kJ/mol]       0.04079901 [Eh]
  Total H, Enthalpy at  298.15 [K]                                     -56.14354463 [Eh]

  Gibbs free energy, G = H - T * S
    Electronic G            0.000 [kcal/mol]        0.000 [kJ/mol]       0.00000000 [Eh]
    Translational G        -8.787 [kcal/mol]      -36.766 [kJ/mol]      -0.01400347 [Eh]
    Rotational G           -2.502 [kcal/mol]      -10.467 [kJ/mol]      -0.00398657 [Eh]
    Vibrational G          23.218 [kcal/mol]       97.146 [kJ/mol]       0.03700086 [Eh]
  Correction G             11.929 [kcal/mol]       49.913 [kJ/mol]       0.01901082 [Eh]
  Total G, Free enthalpy at  298.15 [K]                                -56.16533282 [Eh]
