
Scratch directory: /tmp/
gradient() will perform analytic gradient computation.

*** tstart() called on tsubasa-System-Product-Name
*** at Sun May 14 22:57:53 2023

   => Loading Basis Set <=

    Name: 6-31G(D)
    Role: ORBITAL
    Keyword: BASIS
    atoms 1   entry N          line   128 file /home/tsubasa/anaconda3/envs/p4dev/share/psi4/basis/6-31g_d_.gbs 
    atoms 2-4 entry H          line    44 file /home/tsubasa/anaconda3/envs/p4dev/share/psi4/basis/6-31g_d_.gbs 


         ---------------------------------------------------------
                                   SCF
               by Justin Turney, Rob Parrish, Andy Simmonett
                          and Daniel G. A. Smith
                              RHF Reference
                        1 Threads,    500 MiB Core
         ---------------------------------------------------------

  ==> Geometry <==

    Molecular point group: cs
    Full point group: C1

    Geometry (in Angstrom), charge = 0, multiplicity = 1:

       Center              X                  Y                   Z               Mass       
    ------------   -----------------  -----------------  -----------------  -----------------
         N           -0.000000000592     0.069321956842     0.000000000000    14.003074004430
         H           -0.943111050592    -0.321061183158     0.000000000000     1.007825032230
         H            0.471555529408    -0.321061183158    -0.816758130000     1.007825032230
         H            0.471555529408    -0.321061183158     0.816758130000     1.007825032230

  Running in cs symmetry.

  Rotational constants: A =      9.78059  B =      9.78059  C =      6.26851 [cm^-1]
  Rotational constants: A = 293214.59694  B = 293214.59650  C = 187925.24894 [MHz]
  Nuclear repulsion =   11.859051173476852

  Charge       = 0
  Multiplicity = 1
  Electrons    = 10
  Nalpha       = 5
  Nbeta        = 5

  ==> Algorithm <==

  SCF Algorithm Type is DF.
  DIIS enabled.
  MOM disabled.
  Fractional occupation disabled.
  Guess Type is SAD.
  Energy threshold   = 1.00e-08
  Density threshold  = 1.00e-08
  Integral threshold = 1.00e-12

  ==> Primary Basis <==

  Basis Set: 6-31G(D)
    Blend: 6-31G(D)
    Number of shells: 12
    Number of basis functions: 21
    Number of Cartesian functions: 21
    Spherical Harmonics?: false
    Max angular momentum: 2

   => Loading Basis Set <=

    Name: (6-31G(D) AUX)
    Role: JKFIT
    Keyword: DF_BASIS_SCF
    atoms 1   entry N          line   171 file /home/tsubasa/anaconda3/envs/p4dev/share/psi4/basis/cc-pvdz-jkfit.gbs 
    atoms 2-4 entry H          line    51 file /home/tsubasa/anaconda3/envs/p4dev/share/psi4/basis/cc-pvdz-jkfit.gbs 

  ==> Integral Setup <==

  DFHelper Memory: AOs need 0.001 GiB; user supplied 0.366 GiB. Using in-core AOs.

  ==> MemDFJK: Density-Fitted J/K Matrices <==

    J tasked:                   Yes
    K tasked:                   Yes
    wK tasked:                   No
    OpenMP threads:               1
    Memory [MiB]:               375
    Algorithm:                 Core
    Schwarz Cutoff:           1E-12
    Mask sparsity (%):       0.0000
    Fitting Condition:        1E-10

   => Auxiliary Basis Set <=

  Basis Set: (6-31G(D) AUX)
    Blend: CC-PVDZ-JKFIT
    Number of shells: 51
    Number of basis functions: 156
    Number of Cartesian functions: 156
    Spherical Harmonics?: false
    Max angular momentum: 3

  Minimum eigenvalue in the overlap matrix is 2.1706767182E-02.
  Reciprocal condition number of the overlap matrix is 4.4402018044E-03.
    Using symmetric orthogonalization.

  ==> Pre-Iterations <==

  SCF Guess: Superposition of Atomic Densities via on-the-fly atomic UHF (no occupation information).

   -------------------------
    Irrep   Nso     Nmo    
   -------------------------
     A'        15      15 
     A"         6       6 
   -------------------------
    Total      21      21
   -------------------------

  ==> Iterations <==

                           Total Energy        Delta E     RMS |[F,P]|

   @DF-RHF iter SAD:   -55.68815903267107   -5.56882e+01   0.00000e+00 
   @DF-RHF iter   1:   -56.11256248910075   -4.24403e-01   2.34826e-02 DIIS/ADIIS
   @DF-RHF iter   2:   -56.16757900712821   -5.50165e-02   1.22837e-02 DIIS/ADIIS
   @DF-RHF iter   3:   -56.18301713162933   -1.54381e-02   1.55907e-03 DIIS/ADIIS
   @DF-RHF iter   4:   -56.18350367163112   -4.86540e-04   2.41439e-04 DIIS/ADIIS
   @DF-RHF iter   5:   -56.18351601031522   -1.23387e-05   4.78664e-05 DIIS
   @DF-RHF iter   6:   -56.18351688021722   -8.69902e-07   9.40093e-06 DIIS
   @DF-RHF iter   7:   -56.18351693066812   -5.04509e-08   2.01517e-06 DIIS
   @DF-RHF iter   8:   -56.18351693273708   -2.06897e-09   3.75552e-07 DIIS
   @DF-RHF iter   9:   -56.18351693278979   -5.27081e-11   3.58319e-08 DIIS
   @DF-RHF iter  10:   -56.18351693279004   -2.48690e-13   3.12976e-09 DIIS
  Energy and wave function converged.


  ==> Post-Iterations <==

    Orbital Energies [Eh]
    ---------------------

    Doubly Occupied:                                                      

       1Ap   -15.541730     2Ap    -1.132742     3Ap    -0.619080  
       1App   -0.619080     4Ap    -0.422084  

    Virtual:                                                              

       5Ap     0.218675     2App    0.319924     6Ap     0.319924  
       3App    0.897874     7Ap     0.897874     8Ap     0.970221  
       9Ap     1.199975     4App    1.215173    10Ap     1.215173  
      11Ap     1.372571    12Ap     1.967577     5App    1.967577  
      13Ap     2.256930     6App    2.744882    14Ap     2.744882  
      15Ap     4.082164  

    Final Occupation by Irrep:
             Ap   App 
    DOCC [     4,    1 ]
    NA   [     4,    1 ]
    NB   [     4,    1 ]

  @DF-RHF Final Energy:   -56.18351693279004

   => Energetics <=

    Nuclear Repulsion Energy =             11.8590511734768516
    One-Electron Energy =                 -99.4157051000088927
    Two-Electron Energy =                  31.3731369937419906
    Total Energy =                        -56.1835169327900417

Computation Completed


Properties will be evaluated at   0.000000,   0.000000,   0.000000 [a0]

Properties computed using the SCF density matrix


 Multipole Moments:

 ------------------------------------------------------------------------------------
     Multipole            Electronic (a.u.)      Nuclear  (a.u.)        Total (a.u.)
 ------------------------------------------------------------------------------------

 L = 1.  Multiply by 2.5417464519 to convert [e a0] to [Debye]
 Dipole X            :         -0.0000000            0.0000000            0.0000000
 Dipole Y            :          0.1270873           -0.9031565           -0.7760693
 Dipole Z            :          0.0000000            0.0000000            0.0000000
 Magnitude           :                                                    0.7760693

 ------------------------------------------------------------------------------------

*** tstop() called on tsubasa-System-Product-Name at Sun May 14 22:57:53 2023
Module time:
	user time   =       0.30 seconds =       0.01 minutes
	system time =       0.01 seconds =       0.00 minutes
	total time  =          0 seconds =       0.00 minutes
Total time:
	user time   =       0.30 seconds =       0.01 minutes
	system time =       0.01 seconds =       0.00 minutes
	total time  =          0 seconds =       0.00 minutes

*** tstart() called on tsubasa-System-Product-Name
*** at Sun May 14 22:57:53 2023


         ------------------------------------------------------------
                                   SCF GRAD                          
                          Rob Parrish, Justin Turney,                
                       Andy Simmonett, and Alex Sokolov              
         ------------------------------------------------------------

  ==> Geometry <==

    Molecular point group: cs
    Full point group: C1

    Geometry (in Angstrom), charge = 0, multiplicity = 1:

       Center              X                  Y                   Z               Mass       
    ------------   -----------------  -----------------  -----------------  -----------------
         N           -0.000000000592     0.069321956842     0.000000000000    14.003074004430
         H           -0.943111050592    -0.321061183158     0.000000000000     1.007825032230
         H            0.471555529408    -0.321061183158    -0.816758130000     1.007825032230
         H            0.471555529408    -0.321061183158     0.816758130000     1.007825032230

  Nuclear repulsion =   11.859051173476852

  ==> Basis Set <==

  Basis Set: 6-31G(D)
    Blend: 6-31G(D)
    Number of shells: 12
    Number of basis functions: 21
    Number of Cartesian functions: 21
    Spherical Harmonics?: false
    Max angular momentum: 2

  ==> DFJKGrad: Density-Fitted SCF Gradients <==

    Gradient:                    1
    J tasked:                  Yes
    K tasked:                  Yes
    wK tasked:                  No
    OpenMP threads:              1
    Integrals threads:           1
    Memory [MiB]:              375
    Schwarz Cutoff:          1E-12
    Fitting Condition:       1E-10

   => Auxiliary Basis Set <=

  Basis Set: (6-31G(D) AUX)
    Blend: CC-PVDZ-JKFIT
    Number of shells: 51
    Number of basis functions: 156
    Number of Cartesian functions: 156
    Spherical Harmonics?: false
    Max angular momentum: 3


  -Total Gradient:
     Atom            X                  Y                   Z
    ------   -----------------  -----------------  -----------------
       1       -0.000000003767     0.018411758673     0.000000000000
       2       -0.014292762097    -0.006137251894     0.000000000000
       3        0.007146382932    -0.006137253390    -0.012377897366
       4        0.007146382932    -0.006137253390     0.012377897366


*** tstop() called on tsubasa-System-Product-Name at Sun May 14 22:57:53 2023
Module time:
	user time   =       0.02 seconds =       0.00 minutes
	system time =       0.01 seconds =       0.00 minutes
	total time  =          0 seconds =       0.00 minutes
Total time:
	user time   =       0.32 seconds =       0.01 minutes
	system time =       0.02 seconds =       0.00 minutes
	total time  =          0 seconds =       0.00 minutes

    			-----------------------------------------

    			 OPTKING 3.0: for geometry optimizations 

    			     By R.A. King, Bethel University     

    			        with contributions from          

    			    A.V. Copan, J. Cayton, A. Heide      

    			-----------------------------------------

    
	                            ===> Fragment 1 <== 

	 Z (Atomic Numbers)          Masses                          Geom                  
	       7.000000            14.003074         -0.00000000  0.13099951  0.00000000   
	       1.000000             1.007825         -1.78222159 -0.60671771  0.00000000   
	       1.000000             1.007825          0.89111080 -0.60671771 -1.54344918   
	       1.000000             1.007825          0.89111080 -0.60671771  1.54344918   

	 - Coordinate -           - BOHR/RAD -       - ANG/DEG -
	 R(1,2)           =         1.928870           1.020714
	 R(1,3)           =         1.928870           1.020714
	 R(1,4)           =         1.928870           1.020714
	 B(2,1,3)         =         1.855201         106.295160
	 B(2,1,4)         =         1.855201         106.295160
	 B(3,1,4)         =         1.855201         106.295160
	 O(2,1,3,4)       =         1.083959          62.106275
	 O(3,1,2,4)       =        -1.083959         -62.106275
	 O(4,1,2,3)       =         1.083959          62.106275


	        --- Internal Coordinate Step in ANG or DEG, aJ/ANG or AJ/DEG ---
	-------------------------------------------------------------------------------
	           Coordinate      Previous         Force          Change          New 
	           ----------      --------        ------          ------        ------
	               R(1,2)       1.02071       -0.12814       -0.01854       1.00217
	               R(1,3)       1.02071       -0.12814       -0.01854       1.00217
	               R(1,4)       1.02071       -0.12814       -0.01854       1.00217
	             B(2,1,3)     106.29516        0.00000        0.04437     106.33953
	             B(2,1,4)     106.29516        0.00000        0.04437     106.33953
	             B(3,1,4)     106.29516        0.00000        0.04437     106.33953
	           O(2,1,3,4)      62.10627       -0.00001       -0.09610      62.01017
	           O(3,1,2,4)     -62.10628        0.00001        0.09610     -62.01017
	           O(4,1,2,3)      62.10628       -0.00001       -0.09610      62.01017
	-------------------------------------------------------------------------------

	                                 ==> Convergence Check <==                                  
    
	Measures of convergence in internal coordinates in au.
    
	Criteria marked as inactive (o), active & met (*), and active & unmet ( ).

	----------------------------------------------------------------------------------------------
	   Step    Total Energy     Delta E     Max Force     RMS Force      Max Disp      RMS Disp   
	----------------------------------------------------------------------------------------------
	  Convergence Criteria     1.00e-06 *    3.00e-04 *             o    1.20e-03 *             o
	----------------------------------------------------------------------------------------------
	     1     -56.18351693   -5.62e+01      1.56e-02      8.98e-03 o    3.50e-02      2.03e-02 o  ~
	----------------------------------------------------------------------------------------------

Next Geometry in Ang 
	Fragment 1 (Ang)

	    N   0.0000000015   0.0635159032  -0.0000000000
	    H  -0.9262472770  -0.3191258325  -0.0000000000
	    H   0.4631236415  -0.3191258317  -0.8021536731
	    H   0.4631236415  -0.3191258317   0.8021536731


    Structure for next step:
    Molecular point group: cs
    Full point group: C3v

    Geometry (in Angstrom), charge = 0, multiplicity = 1:

    N            0.000000000047     0.067947283415     0.000000000000
    H            0.463123638958    -0.314694451934    -0.802153673613
    H            0.463123638958    -0.314694451934     0.802153673613
    H           -0.926247278574    -0.314694451509     0.000000000000


Scratch directory: /tmp/
gradient() will perform analytic gradient computation.

*** tstart() called on tsubasa-System-Product-Name
*** at Sun May 14 22:57:53 2023

   => Loading Basis Set <=

    Name: 6-31G(D)
    Role: ORBITAL
    Keyword: BASIS
    atoms 1   entry N          line   128 file /home/tsubasa/anaconda3/envs/p4dev/share/psi4/basis/6-31g_d_.gbs 
    atoms 2-4 entry H          line    44 file /home/tsubasa/anaconda3/envs/p4dev/share/psi4/basis/6-31g_d_.gbs 


         ---------------------------------------------------------
                                   SCF
               by Justin Turney, Rob Parrish, Andy Simmonett
                          and Daniel G. A. Smith
                              RHF Reference
                        1 Threads,    500 MiB Core
         ---------------------------------------------------------

  ==> Geometry <==

    Molecular point group: cs
    Full point group: C3v

    Geometry (in Angstrom), charge = 0, multiplicity = 1:

       Center              X                  Y                   Z               Mass       
    ------------   -----------------  -----------------  -----------------  -----------------
         N            0.000000000047     0.067947283415     0.000000000000    14.003074004430
         H            0.463123638958    -0.314694451934    -0.802153673613     1.007825032230
         H            0.463123638958    -0.314694451934     0.802153673613     1.007825032230
         H           -0.926247278574    -0.314694451509     0.000000000000     1.007825032230

  Running in cs symmetry.

  Rotational constants: A =     10.14882  B =     10.14882  C =      6.49885 [cm^-1]
  Rotational constants: A = 304253.92296  B = 304253.92274  C = 194830.48586 [MHz]
  Nuclear repulsion =   12.078180227757024

  Charge       = 0
  Multiplicity = 1
  Electrons    = 10
  Nalpha       = 5
  Nbeta        = 5

  ==> Algorithm <==

  SCF Algorithm Type is DF.
  DIIS enabled.
  MOM disabled.
  Fractional occupation disabled.
  Guess Type is READ.
  Energy threshold   = 1.00e-08
  Density threshold  = 1.00e-08
  Integral threshold = 1.00e-12

  ==> Primary Basis <==

  Basis Set: 6-31G(D)
    Blend: 6-31G(D)
    Number of shells: 12
    Number of basis functions: 21
    Number of Cartesian functions: 21
    Spherical Harmonics?: false
    Max angular momentum: 2

   => Loading Basis Set <=

    Name: (6-31G(D) AUX)
    Role: JKFIT
    Keyword: DF_BASIS_SCF
    atoms 1   entry N          line   171 file /home/tsubasa/anaconda3/envs/p4dev/share/psi4/basis/cc-pvdz-jkfit.gbs 
    atoms 2-4 entry H          line    51 file /home/tsubasa/anaconda3/envs/p4dev/share/psi4/basis/cc-pvdz-jkfit.gbs 

   => Loading Basis Set <=

    Name: 6-31G(D)
    Role: ORBITAL
    Keyword: BASIS
    atoms 1   entry N          line   128 file /home/tsubasa/anaconda3/envs/p4dev/share/psi4/basis/6-31g_d_.gbs 
    atoms 2-4 entry H          line    44 file /home/tsubasa/anaconda3/envs/p4dev/share/psi4/basis/6-31g_d_.gbs 

  Reading orbitals from file /tmp/H2O_opt.default.507259.180.npy, no projection.

  ==> Integral Setup <==

  DFHelper Memory: AOs need 0.001 GiB; user supplied 0.366 GiB. Using in-core AOs.

  ==> MemDFJK: Density-Fitted J/K Matrices <==

    J tasked:                   Yes
    K tasked:                   Yes
    wK tasked:                   No
    OpenMP threads:               1
    Memory [MiB]:               375
    Algorithm:                 Core
    Schwarz Cutoff:           1E-12
    Mask sparsity (%):       0.0000
    Fitting Condition:        1E-10

   => Auxiliary Basis Set <=

  Basis Set: (6-31G(D) AUX)
    Blend: CC-PVDZ-JKFIT
    Number of shells: 51
    Number of basis functions: 156
    Number of Cartesian functions: 156
    Spherical Harmonics?: false
    Max angular momentum: 3

  Minimum eigenvalue in the overlap matrix is 2.0809501988E-02.
  Reciprocal condition number of the overlap matrix is 4.2181720322E-03.
    Using symmetric orthogonalization.

  ==> Pre-Iterations <==

  SCF Guess: Orbitals guess was supplied from a previous computation.

   -------------------------------------------------------
    Irrep   Nso     Nmo     Nalpha   Nbeta   Ndocc  Nsocc
   -------------------------------------------------------
     A'        15      15       4       4       4       0
     A"         6       6       1       1       1       0
   -------------------------------------------------------
    Total      21      21       5       5       5       0
   -------------------------------------------------------

  ==> Iterations <==

                           Total Energy        Delta E     RMS |[F,P]|

   @DF-RHF iter   0:   -54.66975326848541   -5.46698e+01   2.96379e-02 
   @DF-RHF iter   1:   -56.03808995839630   -1.36834e+00   3.51252e-02 DIIS/ADIIS
   @DF-RHF iter   2:   -56.14750603525981   -1.09416e-01   1.88674e-02 DIIS/ADIIS
   @DF-RHF iter   3:   -56.18384933833321   -3.63433e-02   1.78520e-03 DIIS/ADIIS
   @DF-RHF iter   4:   -56.18428217663239   -4.32838e-04   1.89390e-04 DIIS/ADIIS
   @DF-RHF iter   5:   -56.18429175830074   -9.58167e-06   4.05283e-05 DIIS
   @DF-RHF iter   6:   -56.18429238141033   -6.23110e-07   9.30184e-06 DIIS
   @DF-RHF iter   7:   -56.18429241921891   -3.78086e-08   1.52698e-06 DIIS
   @DF-RHF iter   8:   -56.18429242025817   -1.03926e-09   3.07735e-07 DIIS
   @DF-RHF iter   9:   -56.18429242029525   -3.70832e-11   3.95620e-08 DIIS
   @DF-RHF iter  10:   -56.18429242029583   -5.82645e-13   6.90296e-09 DIIS
  Energy and wave function converged.


  ==> Post-Iterations <==

    Orbital Energies [Eh]
    ---------------------

    Doubly Occupied:                                                      

       1Ap   -15.535128     2Ap    -1.142304     1App   -0.626794  
       3Ap    -0.626794     4Ap    -0.422553  

    Virtual:                                                              

       5Ap     0.222499     2App    0.324719     6Ap     0.324719  
       3App    0.893922     7Ap     0.893922     8Ap     0.969843  
       9Ap     1.227119     4App    1.231348    10Ap     1.231348  
      11Ap     1.374957    12Ap     1.962959     5App    1.962959  
      13Ap     2.269196     6App    2.772578    14Ap     2.772578  
      15Ap     4.094822  

    Final Occupation by Irrep:
             Ap   App 
    DOCC [     4,    1 ]
    NA   [     4,    1 ]
    NB   [     4,    1 ]

  @DF-RHF Final Energy:   -56.18429242029583

   => Energetics <=

    Nuclear Repulsion Energy =             12.0781802277570236
    One-Electron Energy =                 -99.8178021985681880
    Two-Electron Energy =                  31.5553295505153244
    Total Energy =                        -56.1842924202958329

Computation Completed


Properties will be evaluated at   0.000000,   0.000000,   0.000000 [a0]

Properties computed using the SCF density matrix


 Multipole Moments:

 ------------------------------------------------------------------------------------
     Multipole            Electronic (a.u.)      Nuclear  (a.u.)        Total (a.u.)
 ------------------------------------------------------------------------------------

 L = 1.  Multiply by 2.5417464519 to convert [e a0] to [Debye]
 Dipole X            :          0.0000000           -0.0000000            0.0000000
 Dipole Y            :          0.1109929           -0.8852467           -0.7742537
 Dipole Z            :          0.0000000            0.0000000            0.0000000
 Magnitude           :                                                    0.7742537

 ------------------------------------------------------------------------------------

*** tstop() called on tsubasa-System-Product-Name at Sun May 14 22:57:53 2023
Module time:
	user time   =       0.14 seconds =       0.00 minutes
	system time =       0.00 seconds =       0.00 minutes
	total time  =          0 seconds =       0.00 minutes
Total time:
	user time   =       0.52 seconds =       0.01 minutes
	system time =       0.02 seconds =       0.00 minutes
	total time  =          0 seconds =       0.00 minutes

*** tstart() called on tsubasa-System-Product-Name
*** at Sun May 14 22:57:53 2023


         ------------------------------------------------------------
                                   SCF GRAD                          
                          Rob Parrish, Justin Turney,                
                       Andy Simmonett, and Alex Sokolov              
         ------------------------------------------------------------

  ==> Geometry <==

    Molecular point group: cs
    Full point group: C3v

    Geometry (in Angstrom), charge = 0, multiplicity = 1:

       Center              X                  Y                   Z               Mass       
    ------------   -----------------  -----------------  -----------------  -----------------
         N            0.000000000047     0.067947283415     0.000000000000    14.003074004430
         H            0.463123638958    -0.314694451934    -0.802153673613     1.007825032230
         H            0.463123638958    -0.314694451934     0.802153673613     1.007825032230
         H           -0.926247278574    -0.314694451509     0.000000000000     1.007825032230

  Nuclear repulsion =   12.078180227757024

  ==> Basis Set <==

  Basis Set: 6-31G(D)
    Blend: 6-31G(D)
    Number of shells: 12
    Number of basis functions: 21
    Number of Cartesian functions: 21
    Spherical Harmonics?: false
    Max angular momentum: 2

  ==> DFJKGrad: Density-Fitted SCF Gradients <==

    Gradient:                    1
    J tasked:                  Yes
    K tasked:                  Yes
    wK tasked:                  No
    OpenMP threads:              1
    Integrals threads:           1
    Memory [MiB]:              375
    Schwarz Cutoff:          1E-12
    Fitting Condition:       1E-10

   => Auxiliary Basis Set <=

  Basis Set: (6-31G(D) AUX)
    Blend: CC-PVDZ-JKFIT
    Number of shells: 51
    Number of basis functions: 156
    Number of Cartesian functions: 156
    Spherical Harmonics?: false
    Max angular momentum: 3


  -Total Gradient:
     Atom            X                  Y                   Z
    ------   -----------------  -----------------  -----------------
       1        0.000000000387     0.002319491136     0.000000000000
       2       -0.000800733725    -0.000773161928     0.001386911755
       3       -0.000800733725    -0.000773161928    -0.001386911755
       4        0.001601467064    -0.000773167280     0.000000000000


*** tstop() called on tsubasa-System-Product-Name at Sun May 14 22:57:53 2023
Module time:
	user time   =       0.03 seconds =       0.00 minutes
	system time =       0.00 seconds =       0.00 minutes
	total time  =          0 seconds =       0.00 minutes
Total time:
	user time   =       0.55 seconds =       0.01 minutes
	system time =       0.02 seconds =       0.00 minutes
	total time  =          0 seconds =       0.00 minutes

    			-----------------------------------------

    			 OPTKING 3.0: for geometry optimizations 

    			     By R.A. King, Bethel University     

    			        with contributions from          

    			    A.V. Copan, J. Cayton, A. Heide      

    			-----------------------------------------

    
	                            ===> Fragment 1 <== 

	 Z (Atomic Numbers)          Masses                          Geom                  
	       7.000000            14.003074          0.00000000  0.12840176  0.00000000   
	       1.000000             1.007825          0.87517684 -0.59468633 -1.51585075   
	       1.000000             1.007825          0.87517684 -0.59468633  1.51585075   
	       1.000000             1.007825         -1.75035368 -0.59468633  0.00000000   

	 - Coordinate -           - BOHR/RAD -       - ANG/DEG -
	 R(1,2)           =         1.893831           1.002172
	 R(1,3)           =         1.893831           1.002172
	 R(1,4)           =         1.893831           1.002172
	 B(2,1,3)         =         1.855975         106.339533
	 B(2,1,4)         =         1.855975         106.339533
	 B(3,1,4)         =         1.855975         106.339533
	 O(2,1,3,4)       =         1.082282          62.010173
	 O(3,1,2,4)       =        -1.082282         -62.010173
	 O(4,1,2,3)       =         1.082282          62.010173


	        --- Internal Coordinate Step in ANG or DEG, aJ/ANG or AJ/DEG ---
	-------------------------------------------------------------------------------
	           Coordinate      Previous         Force          Change          New 
	           ----------      --------        ------          ------        ------
	               R(1,2)       1.00217        0.00976        0.00097       1.00314
	               R(1,3)       1.00217        0.00976        0.00097       1.00314
	               R(1,4)       1.00217        0.00976        0.00097       1.00314
	             B(2,1,3)     106.33953        0.00003        0.26837     106.60790
	             B(2,1,4)     106.33953        0.00003        0.26837     106.60790
	             B(3,1,4)     106.33953        0.00003        0.26837     106.60790
	           O(2,1,3,4)      62.01017       -0.00007       -0.58491      61.42526
	           O(3,1,2,4)     -62.01017        0.00007        0.58491     -61.42526
	           O(4,1,2,3)      62.01017       -0.00007       -0.58491      61.42526
	-------------------------------------------------------------------------------

	                                 ==> Convergence Check <==                                  
    
	Measures of convergence in internal coordinates in au.
    
	Criteria marked as inactive (o), active & met (*), and active & unmet ( ).

	----------------------------------------------------------------------------------------------
	   Step    Total Energy     Delta E     Max Force     RMS Force      Max Disp      RMS Disp   
	----------------------------------------------------------------------------------------------
	  Convergence Criteria     1.00e-06 *    3.00e-04 *             o    1.20e-03 *             o
	----------------------------------------------------------------------------------------------
	     2     -56.18429242   -7.75e-04      1.18e-03      8.78e-04 o    1.02e-02      6.57e-03 o  ~
	----------------------------------------------------------------------------------------------

Next Geometry in Ang 
	Fragment 1 (Ang)

	    N  -0.0000000007   0.0652599354   0.0000000000
	    H   0.4643843489  -0.3137986694  -0.8043372869
	    H   0.4643843489  -0.3137986694   0.8043372868
	    H  -0.9287686977  -0.3137986686   0.0000000000


    Structure for next step:
    Molecular point group: cs
    Full point group: C3v

    Geometry (in Angstrom), charge = 0, multiplicity = 1:

    N           -0.000000000119     0.067311012009     0.000000000000
    H            0.464384349414    -0.311747592771    -0.804337286842
    H            0.464384349414    -0.311747592771     0.804337286842
    H           -0.928768697174    -0.311747592056     0.000000000000


Scratch directory: /tmp/
gradient() will perform analytic gradient computation.

*** tstart() called on tsubasa-System-Product-Name
*** at Sun May 14 22:57:53 2023

   => Loading Basis Set <=

    Name: 6-31G(D)
    Role: ORBITAL
    Keyword: BASIS
    atoms 1   entry N          line   128 file /home/tsubasa/anaconda3/envs/p4dev/share/psi4/basis/6-31g_d_.gbs 
    atoms 2-4 entry H          line    44 file /home/tsubasa/anaconda3/envs/p4dev/share/psi4/basis/6-31g_d_.gbs 


         ---------------------------------------------------------
                                   SCF
               by Justin Turney, Rob Parrish, Andy Simmonett
                          and Daniel G. A. Smith
                              RHF Reference
                        1 Threads,    500 MiB Core
         ---------------------------------------------------------

  ==> Geometry <==

    Molecular point group: cs
    Full point group: C3v

    Geometry (in Angstrom), charge = 0, multiplicity = 1:

       Center              X                  Y                   Z               Mass       
    ------------   -----------------  -----------------  -----------------  -----------------
         N           -0.000000000119     0.067311012009     0.000000000000    14.003074004430
         H            0.464384349414    -0.311747592771    -0.804337286842     1.007825032230
         H            0.464384349414    -0.311747592771     0.804337286842     1.007825032230
         H           -0.928768697174    -0.311747592056     0.000000000000     1.007825032230

  Running in cs symmetry.

  Rotational constants: A =     10.14708  B =     10.14708  C =      6.46361 [cm^-1]
  Rotational constants: A = 304201.86649  B = 304201.86627  C = 193774.07097 [MHz]
  Nuclear repulsion =   12.064755859592813

  Charge       = 0
  Multiplicity = 1
  Electrons    = 10
  Nalpha       = 5
  Nbeta        = 5

  ==> Algorithm <==

  SCF Algorithm Type is DF.
  DIIS enabled.
  MOM disabled.
  Fractional occupation disabled.
  Guess Type is READ.
  Energy threshold   = 1.00e-08
  Density threshold  = 1.00e-08
  Integral threshold = 1.00e-12

  ==> Primary Basis <==

  Basis Set: 6-31G(D)
    Blend: 6-31G(D)
    Number of shells: 12
    Number of basis functions: 21
    Number of Cartesian functions: 21
    Spherical Harmonics?: false
    Max angular momentum: 2

   => Loading Basis Set <=

    Name: (6-31G(D) AUX)
    Role: JKFIT
    Keyword: DF_BASIS_SCF
    atoms 1   entry N          line   171 file /home/tsubasa/anaconda3/envs/p4dev/share/psi4/basis/cc-pvdz-jkfit.gbs 
    atoms 2-4 entry H          line    51 file /home/tsubasa/anaconda3/envs/p4dev/share/psi4/basis/cc-pvdz-jkfit.gbs 

   => Loading Basis Set <=

    Name: 6-31G(D)
    Role: ORBITAL
    Keyword: BASIS
    atoms 1   entry N          line   128 file /home/tsubasa/anaconda3/envs/p4dev/share/psi4/basis/6-31g_d_.gbs 
    atoms 2-4 entry H          line    44 file /home/tsubasa/anaconda3/envs/p4dev/share/psi4/basis/6-31g_d_.gbs 

  Reading orbitals from file /tmp/H2O_opt.default.507259.180.npy, no projection.

  ==> Integral Setup <==

  DFHelper Memory: AOs need 0.001 GiB; user supplied 0.366 GiB. Using in-core AOs.

  ==> MemDFJK: Density-Fitted J/K Matrices <==

    J tasked:                   Yes
    K tasked:                   Yes
    wK tasked:                   No
    OpenMP threads:               1
    Memory [MiB]:               375
    Algorithm:                 Core
    Schwarz Cutoff:           1E-12
    Mask sparsity (%):       0.0000
    Fitting Condition:        1E-10

   => Auxiliary Basis Set <=

  Basis Set: (6-31G(D) AUX)
    Blend: CC-PVDZ-JKFIT
    Number of shells: 51
    Number of basis functions: 156
    Number of Cartesian functions: 156
    Spherical Harmonics?: false
    Max angular momentum: 3

  Minimum eigenvalue in the overlap matrix is 2.0904582325E-02.
  Reciprocal condition number of the overlap matrix is 4.2402680433E-03.
    Using symmetric orthogonalization.

  ==> Pre-Iterations <==

  SCF Guess: Orbitals guess was supplied from a previous computation.

   -------------------------------------------------------
    Irrep   Nso     Nmo     Nalpha   Nbeta   Ndocc  Nsocc
   -------------------------------------------------------
     A'        15      15       4       4       4       0
     A"         6       6       1       1       1       0
   -------------------------------------------------------
    Total      21      21       5       5       5       0
   -------------------------------------------------------

  ==> Iterations <==

                           Total Energy        Delta E     RMS |[F,P]|

   @DF-RHF iter   0:   -56.18338469239817   -5.61834e+01   2.21225e-04 
   @DF-RHF iter   1:   -56.18432152618985   -9.36834e-04   4.01055e-05 DIIS
   @DF-RHF iter   2:   -56.18432179120389   -2.65014e-07   1.24036e-05 DIIS
   @DF-RHF iter   3:   -56.18432182943750   -3.82336e-08   6.27792e-06 DIIS
   @DF-RHF iter   4:   -56.18432183824061   -8.80311e-09   1.53661e-06 DIIS
   @DF-RHF iter   5:   -56.18432183955682   -1.31621e-09   3.32683e-07 DIIS
   @DF-RHF iter   6:   -56.18432183961757   -6.07514e-11   2.97890e-08 DIIS
   @DF-RHF iter   7:   -56.18432183961785   -2.84217e-13   2.62092e-09 DIIS
  Energy and wave function converged.


  ==> Post-Iterations <==

    Orbital Energies [Eh]
    ---------------------

    Doubly Occupied:                                                      

       1Ap   -15.535194     2Ap    -1.141192     3Ap    -0.626708  
       1App   -0.626708     4Ap    -0.421651  

    Virtual:                                                              

       5Ap     0.222472     2App    0.324567     6Ap     0.324567  
       3App    0.894943     7Ap     0.894943     8Ap     0.969904  
       9Ap     1.223374     4App    1.230888    10Ap     1.230888  
      11Ap     1.371264    12Ap     1.963532     5App    1.963532  
      13Ap     2.273076     6App    2.770618    14Ap     2.770618  
      15Ap     4.094748  

    Final Occupation by Irrep:
             Ap   App 
    DOCC [     4,    1 ]
    NA   [     4,    1 ]
    NB   [     4,    1 ]

  @DF-RHF Final Energy:   -56.18432183961785

   => Energetics <=

    Nuclear Repulsion Energy =             12.0647558595928128
    One-Electron Energy =                 -99.7952503552951100
    Two-Electron Energy =                  31.5461726560844546
    Total Energy =                        -56.1843218396178514

Computation Completed


Properties will be evaluated at   0.000000,   0.000000,   0.000000 [a0]

Properties computed using the SCF density matrix


 Multipole Moments:

 ------------------------------------------------------------------------------------
     Multipole            Electronic (a.u.)      Nuclear  (a.u.)        Total (a.u.)
 ------------------------------------------------------------------------------------

 L = 1.  Multiply by 2.5417464519 to convert [e a0] to [Debye]
 Dipole X            :         -0.0000000            0.0000000            0.0000000
 Dipole Y            :          0.1085869           -0.8769571           -0.7683702
 Dipole Z            :          0.0000000            0.0000000            0.0000000
 Magnitude           :                                                    0.7683702

 ------------------------------------------------------------------------------------

*** tstop() called on tsubasa-System-Product-Name at Sun May 14 22:57:54 2023
Module time:
	user time   =       0.12 seconds =       0.00 minutes
	system time =       0.01 seconds =       0.00 minutes
	total time  =          1 seconds =       0.02 minutes
Total time:
	user time   =       0.72 seconds =       0.01 minutes
	system time =       0.03 seconds =       0.00 minutes
	total time  =          1 seconds =       0.02 minutes

*** tstart() called on tsubasa-System-Product-Name
*** at Sun May 14 22:57:54 2023


         ------------------------------------------------------------
                                   SCF GRAD                          
                          Rob Parrish, Justin Turney,                
                       Andy Simmonett, and Alex Sokolov              
         ------------------------------------------------------------

  ==> Geometry <==

    Molecular point group: cs
    Full point group: C3v

    Geometry (in Angstrom), charge = 0, multiplicity = 1:

       Center              X                  Y                   Z               Mass       
    ------------   -----------------  -----------------  -----------------  -----------------
         N           -0.000000000119     0.067311012009     0.000000000000    14.003074004430
         H            0.464384349414    -0.311747592771    -0.804337286842     1.007825032230
         H            0.464384349414    -0.311747592771     0.804337286842     1.007825032230
         H           -0.928768697174    -0.311747592056     0.000000000000     1.007825032230

  Nuclear repulsion =   12.064755859592813

  ==> Basis Set <==

  Basis Set: 6-31G(D)
    Blend: 6-31G(D)
    Number of shells: 12
    Number of basis functions: 21
    Number of Cartesian functions: 21
    Spherical Harmonics?: false
    Max angular momentum: 2

  ==> DFJKGrad: Density-Fitted SCF Gradients <==

    Gradient:                    1
    J tasked:                  Yes
    K tasked:                  Yes
    wK tasked:                  No
    OpenMP threads:              1
    Integrals threads:           1
    Memory [MiB]:              375
    Schwarz Cutoff:          1E-12
    Fitting Condition:       1E-10

   => Auxiliary Basis Set <=

  Basis Set: (6-31G(D) AUX)
    Blend: CC-PVDZ-JKFIT
    Number of shells: 51
    Number of basis functions: 156
    Number of Cartesian functions: 156
    Spherical Harmonics?: false
    Max angular momentum: 3


  -Total Gradient:
     Atom            X                  Y                   Z
    ------   -----------------  -----------------  -----------------
       1       -0.000000001538     0.002351124885     0.000000000000
       2       -0.000151090559    -0.000783708501     0.000261696686
       3       -0.000151090559    -0.000783708501    -0.000261696686
       4        0.000302182656    -0.000783707883     0.000000000000


*** tstop() called on tsubasa-System-Product-Name at Sun May 14 22:57:54 2023
Module time:
	user time   =       0.02 seconds =       0.00 minutes
	system time =       0.00 seconds =       0.00 minutes
	total time  =          0 seconds =       0.00 minutes
Total time:
	user time   =       0.75 seconds =       0.01 minutes
	system time =       0.03 seconds =       0.00 minutes
	total time  =          1 seconds =       0.02 minutes

    			-----------------------------------------

    			 OPTKING 3.0: for geometry optimizations 

    			     By R.A. King, Bethel University     

    			        with contributions from          

    			    A.V. Copan, J. Cayton, A. Heide      

    			-----------------------------------------

    
	                            ===> Fragment 1 <== 

	 Z (Atomic Numbers)          Masses                          Geom                  
	       7.000000            14.003074         -0.00000000  0.12719938  0.00000000   
	       1.000000             1.007825          0.87755924 -0.58911757 -1.51997718   
	       1.000000             1.007825          0.87755924 -0.58911757  1.51997718   
	       1.000000             1.007825         -1.75511847 -0.58911757  0.00000000   

	 - Coordinate -           - BOHR/RAD -       - ANG/DEG -
	 R(1,2)           =         1.895666           1.003143
	 R(1,3)           =         1.895666           1.003143
	 R(1,4)           =         1.895666           1.003143
	 B(2,1,3)         =         1.860659         106.607899
	 B(2,1,4)         =         1.860659         106.607899
	 B(3,1,4)         =         1.860659         106.607899
	 O(2,1,3,4)       =         1.072073          61.425261
	 O(3,1,2,4)       =        -1.072073         -61.425261
	 O(4,1,2,3)       =         1.072073          61.425261


	        --- Internal Coordinate Step in ANG or DEG, aJ/ANG or AJ/DEG ---
	-------------------------------------------------------------------------------
	           Coordinate      Previous         Force          Change          New 
	           ----------      --------        ------          ------        ------
	               R(1,2)       1.00314       -0.00013       -0.00061       1.00253
	               R(1,3)       1.00314       -0.00013       -0.00061       1.00253
	               R(1,4)       1.00314       -0.00013       -0.00061       1.00253
	             B(2,1,3)     106.60790        0.00002        0.49296     107.10086
	             B(2,1,4)     106.60790        0.00002        0.49296     107.10086
	             B(3,1,4)     106.60790        0.00002        0.49296     107.10086
	           O(2,1,3,4)      61.42526       -0.00004       -1.09143      60.33383
	           O(3,1,2,4)     -61.42526        0.00004        1.09143     -60.33383
	           O(4,1,2,3)      61.42526       -0.00004       -1.09143      60.33383
	-------------------------------------------------------------------------------

	                                 ==> Convergence Check <==                                  
    
	Measures of convergence in internal coordinates in au.
    
	Criteria marked as inactive (o), active & met (*), and active & unmet ( ).

	----------------------------------------------------------------------------------------------
	   Step    Total Energy     Delta E     Max Force     RMS Force      Max Disp      RMS Disp   
	----------------------------------------------------------------------------------------------
	  Convergence Criteria     1.00e-06 *    3.00e-04 *             o    1.20e-03 *             o
	----------------------------------------------------------------------------------------------
	     3     -56.18432184   -2.94e-05      5.49e-04      3.49e-04 o    1.90e-02      1.21e-02 o  ~
	----------------------------------------------------------------------------------------------

Next Geometry in Ang 
	Fragment 1 (Ang)

	    N   0.0000000011   0.0616230793   0.0000000001
	    H   0.4655856190  -0.3098516151  -0.8064179463
	    H   0.4655856191  -0.3098516150   0.8064179463
	    H  -0.9311712376  -0.3098516148  -0.0000000001


    Structure for next step:
    Molecular point group: cs
    Full point group: C1

    Geometry (in Angstrom), charge = 0, multiplicity = 1:

    N            0.000000000166     0.065964305543     0.000000000000
    H            0.465585618119    -0.305510388826    -0.806417946311
    H            0.465585618119    -0.305510388826     0.806417946311
    H           -0.931171238544    -0.305510388596     0.000000000000


Scratch directory: /tmp/
gradient() will perform analytic gradient computation.

*** tstart() called on tsubasa-System-Product-Name
*** at Sun May 14 22:57:54 2023

   => Loading Basis Set <=

    Name: 6-31G(D)
    Role: ORBITAL
    Keyword: BASIS
    atoms 1   entry N          line   128 file /home/tsubasa/anaconda3/envs/p4dev/share/psi4/basis/6-31g_d_.gbs 
    atoms 2-4 entry H          line    44 file /home/tsubasa/anaconda3/envs/p4dev/share/psi4/basis/6-31g_d_.gbs 


         ---------------------------------------------------------
                                   SCF
               by Justin Turney, Rob Parrish, Andy Simmonett
                          and Daniel G. A. Smith
                              RHF Reference
                        1 Threads,    500 MiB Core
         ---------------------------------------------------------

  ==> Geometry <==

    Molecular point group: cs
    Full point group: C1h

    Geometry (in Angstrom), charge = 0, multiplicity = 1:

       Center              X                  Y                   Z               Mass       
    ------------   -----------------  -----------------  -----------------  -----------------
         N            0.000000000166     0.065964305543     0.000000000000    14.003074004430
         H            0.465585618119    -0.305510388826    -0.806417946311     1.007825032230
         H            0.465585618119    -0.305510388826     0.806417946311     1.007825032230
         H           -0.931171238544    -0.305510388596     0.000000000000     1.007825032230

  Running in cs symmetry.

  Rotational constants: A =     10.19247  B =     10.19247  C =      6.43030 [cm^-1]
  Rotational constants: A = 305562.60473  B = 305562.60421  C = 192775.43781 [MHz]
  Nuclear repulsion =   12.068949730279666

  Charge       = 0
  Multiplicity = 1
  Electrons    = 10
  Nalpha       = 5
  Nbeta        = 5

  ==> Algorithm <==

  SCF Algorithm Type is DF.
  DIIS enabled.
  MOM disabled.
  Fractional occupation disabled.
  Guess Type is READ.
  Energy threshold   = 1.00e-08
  Density threshold  = 1.00e-08
  Integral threshold = 1.00e-12

  ==> Primary Basis <==

  Basis Set: 6-31G(D)
    Blend: 6-31G(D)
    Number of shells: 12
    Number of basis functions: 21
    Number of Cartesian functions: 21
    Spherical Harmonics?: false
    Max angular momentum: 2

   => Loading Basis Set <=

    Name: (6-31G(D) AUX)
    Role: JKFIT
    Keyword: DF_BASIS_SCF
    atoms 1   entry N          line   171 file /home/tsubasa/anaconda3/envs/p4dev/share/psi4/basis/cc-pvdz-jkfit.gbs 
    atoms 2-4 entry H          line    51 file /home/tsubasa/anaconda3/envs/p4dev/share/psi4/basis/cc-pvdz-jkfit.gbs 

   => Loading Basis Set <=

    Name: 6-31G(D)
    Role: ORBITAL
    Keyword: BASIS
    atoms 1   entry N          line   128 file /home/tsubasa/anaconda3/envs/p4dev/share/psi4/basis/6-31g_d_.gbs 
    atoms 2-4 entry H          line    44 file /home/tsubasa/anaconda3/envs/p4dev/share/psi4/basis/6-31g_d_.gbs 

  Reading orbitals from file /tmp/H2O_opt.default.507259.180.npy, no projection.

  ==> Integral Setup <==

  DFHelper Memory: AOs need 0.001 GiB; user supplied 0.366 GiB. Using in-core AOs.

  ==> MemDFJK: Density-Fitted J/K Matrices <==

    J tasked:                   Yes
    K tasked:                   Yes
    wK tasked:                   No
    OpenMP threads:               1
    Memory [MiB]:               375
    Algorithm:                 Core
    Schwarz Cutoff:           1E-12
    Mask sparsity (%):       0.0000
    Fitting Condition:        1E-10

   => Auxiliary Basis Set <=

  Basis Set: (6-31G(D) AUX)
    Blend: CC-PVDZ-JKFIT
    Number of shells: 51
    Number of basis functions: 156
    Number of Cartesian functions: 156
    Spherical Harmonics?: false
    Max angular momentum: 3

  Minimum eigenvalue in the overlap matrix is 2.0964480770E-02.
  Reciprocal condition number of the overlap matrix is 4.2526054221E-03.
    Using symmetric orthogonalization.

  ==> Pre-Iterations <==

  SCF Guess: Orbitals guess was supplied from a previous computation.

   -------------------------------------------------------
    Irrep   Nso     Nmo     Nalpha   Nbeta   Ndocc  Nsocc
   -------------------------------------------------------
     A'        15      15       4       4       4       0
     A"         6       6       1       1       1       0
   -------------------------------------------------------
    Total      21      21       5       5       5       0
   -------------------------------------------------------

  ==> Iterations <==

                           Total Energy        Delta E     RMS |[F,P]|

   @DF-RHF iter   0:   -56.18578743132139   -5.61858e+01   3.47547e-04 
   @DF-RHF iter   1:   -56.18434172990222    1.44570e-03   7.32576e-05 DIIS
   @DF-RHF iter   2:   -56.18434294429296   -1.21439e-06   2.45175e-05 DIIS
   @DF-RHF iter   3:   -56.18434318083508   -2.36542e-07   8.88169e-06 DIIS
   @DF-RHF iter   4:   -56.18434320310123   -2.22661e-08   2.65002e-06 DIIS
   @DF-RHF iter   5:   -56.18434320719125   -4.09003e-09   2.66388e-07 DIIS
   @DF-RHF iter   6:   -56.18434320721538   -2.41300e-11   5.13447e-08 DIIS
   @DF-RHF iter   7:   -56.18434320721614   -7.53175e-13   9.73605e-09 DIIS
  Energy and wave function converged.


  ==> Post-Iterations <==

    Orbital Energies [Eh]
    ---------------------

    Doubly Occupied:                                                      

       1Ap   -15.534463     2Ap    -1.140418     1App   -0.627545  
       3Ap    -0.627545     4Ap    -0.420079  

    Virtual:                                                              

       5Ap     0.222897     6Ap     0.324892     2App    0.324892  
       3App    0.896316     7Ap     0.896316     8Ap     0.969958  
       9Ap     1.219836    10Ap     1.232183     4App    1.232183  
      11Ap     1.365301     5App    1.963997    12Ap     1.963997  
      13Ap     2.281735    14Ap     2.770508     6App    2.770508  
      15Ap     4.096225  

    Final Occupation by Irrep:
             Ap   App 
    DOCC [     4,    1 ]
    NA   [     4,    1 ]
    NB   [     4,    1 ]

  @DF-RHF Final Energy:   -56.18434320721614

   => Energetics <=

    Nuclear Repulsion Energy =             12.0689497302796660
    One-Electron Energy =                 -99.8064868116058506
    Two-Electron Energy =                  31.5531938741100433
    Total Energy =                        -56.1843432072161377

Computation Completed


Properties will be evaluated at   0.000000,   0.000000,   0.000000 [a0]

Properties computed using the SCF density matrix


 Multipole Moments:

 ------------------------------------------------------------------------------------
     Multipole            Electronic (a.u.)      Nuclear  (a.u.)        Total (a.u.)
 ------------------------------------------------------------------------------------

 L = 1.  Multiply by 2.5417464519 to convert [e a0] to [Debye]
 Dipole X            :          0.0000000           -0.0000000           -0.0000000
 Dipole Y            :          0.1022402           -0.8594116           -0.7571714
 Dipole Z            :          0.0000000            0.0000000            0.0000000
 Magnitude           :                                                    0.7571714

 ------------------------------------------------------------------------------------

*** tstop() called on tsubasa-System-Product-Name at Sun May 14 22:57:54 2023
Module time:
	user time   =       0.13 seconds =       0.00 minutes
	system time =       0.00 seconds =       0.00 minutes
	total time  =          0 seconds =       0.00 minutes
Total time:
	user time   =       0.93 seconds =       0.02 minutes
	system time =       0.03 seconds =       0.00 minutes
	total time  =          1 seconds =       0.02 minutes

*** tstart() called on tsubasa-System-Product-Name
*** at Sun May 14 22:57:54 2023


         ------------------------------------------------------------
                                   SCF GRAD                          
                          Rob Parrish, Justin Turney,                
                       Andy Simmonett, and Alex Sokolov              
         ------------------------------------------------------------

  ==> Geometry <==

    Molecular point group: cs
    Full point group: C1h

    Geometry (in Angstrom), charge = 0, multiplicity = 1:

       Center              X                  Y                   Z               Mass       
    ------------   -----------------  -----------------  -----------------  -----------------
         N            0.000000000166     0.065964305543     0.000000000000    14.003074004430
         H            0.465585618119    -0.305510388826    -0.806417946311     1.007825032230
         H            0.465585618119    -0.305510388826     0.806417946311     1.007825032230
         H           -0.931171238544    -0.305510388596     0.000000000000     1.007825032230

  Nuclear repulsion =   12.068949730279666

  ==> Basis Set <==

  Basis Set: 6-31G(D)
    Blend: 6-31G(D)
    Number of shells: 12
    Number of basis functions: 21
    Number of Cartesian functions: 21
    Spherical Harmonics?: false
    Max angular momentum: 2

  ==> DFJKGrad: Density-Fitted SCF Gradients <==

    Gradient:                    1
    J tasked:                  Yes
    K tasked:                  Yes
    wK tasked:                  No
    OpenMP threads:              1
    Integrals threads:           1
    Memory [MiB]:              375
    Schwarz Cutoff:          1E-12
    Fitting Condition:       1E-10

   => Auxiliary Basis Set <=

  Basis Set: (6-31G(D) AUX)
    Blend: CC-PVDZ-JKFIT
    Number of shells: 51
    Number of basis functions: 156
    Number of Cartesian functions: 156
    Spherical Harmonics?: false
    Max angular momentum: 3


  -Total Gradient:
     Atom            X                  Y                   Z
    ------   -----------------  -----------------  -----------------
       1        0.000000001473     0.000261442085     0.000000000000
       2       -0.000052062749    -0.000087147162     0.000090175477
       3       -0.000052062749    -0.000087147162    -0.000090175477
       4        0.000104124026    -0.000087147761     0.000000000000


*** tstop() called on tsubasa-System-Product-Name at Sun May 14 22:57:54 2023
Module time:
	user time   =       0.03 seconds =       0.00 minutes
	system time =       0.00 seconds =       0.00 minutes
	total time  =          0 seconds =       0.00 minutes
Total time:
	user time   =       0.96 seconds =       0.02 minutes
	system time =       0.03 seconds =       0.00 minutes
	total time  =          1 seconds =       0.02 minutes

    			-----------------------------------------

    			 OPTKING 3.0: for geometry optimizations 

    			     By R.A. King, Bethel University     

    			        with contributions from          

    			    A.V. Copan, J. Cayton, A. Heide      

    			-----------------------------------------

    
	                            ===> Fragment 1 <== 

	 Z (Atomic Numbers)          Masses                          Geom                  
	       7.000000            14.003074          0.00000000  0.12465447  0.00000000   
	       1.000000             1.007825          0.87982931 -0.57733096 -1.52390906   
	       1.000000             1.007825          0.87982931 -0.57733096  1.52390906   
	       1.000000             1.007825         -1.75965862 -0.57733096  0.00000000   

	 - Coordinate -           - BOHR/RAD -       - ANG/DEG -
	 R(1,2)           =         1.894514           1.002533
	 R(1,3)           =         1.894514           1.002533
	 R(1,4)           =         1.894514           1.002533
	 B(2,1,3)         =         1.869263         107.100859
	 B(2,1,4)         =         1.869263         107.100859
	 B(3,1,4)         =         1.869263         107.100859
	 O(2,1,3,4)       =         1.053024          60.333833
	 O(3,1,2,4)       =        -1.053024         -60.333833
	 O(4,1,2,3)       =         1.053024          60.333833


	        --- Internal Coordinate Step in ANG or DEG, aJ/ANG or AJ/DEG ---
	-------------------------------------------------------------------------------
	           Coordinate      Previous         Force          Change          New 
	           ----------      --------        ------          ------        ------
	               R(1,2)       1.00253        0.00053       -0.00002       1.00252
	               R(1,3)       1.00253        0.00053       -0.00002       1.00252
	               R(1,4)       1.00253        0.00053       -0.00002       1.00252
	             B(2,1,3)     107.10086        0.00000        0.07608     107.17694
	             B(2,1,4)     107.10086        0.00000        0.07608     107.17694
	             B(3,1,4)     107.10086        0.00000        0.07608     107.17694
	           O(2,1,3,4)      60.33383       -0.00001       -0.17047      60.16336
	           O(3,1,2,4)     -60.33383        0.00001        0.17047     -60.16336
	           O(4,1,2,3)      60.33383       -0.00001       -0.17047      60.16336
	-------------------------------------------------------------------------------

	                                 ==> Convergence Check <==                                  
    
	Measures of convergence in internal coordinates in au.
    
	Criteria marked as inactive (o), active & met (*), and active & unmet ( ).

	----------------------------------------------------------------------------------------------
	   Step    Total Energy     Delta E     Max Force     RMS Force      Max Disp      RMS Disp   
	----------------------------------------------------------------------------------------------
	  Convergence Criteria     1.00e-06 *    3.00e-04 *             o    1.20e-03 *             o
	----------------------------------------------------------------------------------------------
	     4     -56.18434321   -2.14e-05      7.81e-05 *    6.18e-05 o    2.98e-03      1.88e-03 o  ~
	----------------------------------------------------------------------------------------------

Next Geometry in Ang 
	Fragment 1 (Ang)

	    N  -0.0000000002   0.0651001395   0.0000000000
	    H   0.4658061914  -0.3052223335  -0.8067999917
	    H   0.4658061914  -0.3052223335   0.8067999917
	    H  -0.9316123847  -0.3052223332  -0.0000000000


    Structure for next step:
    Molecular point group: cs
    Full point group: C3v

    Geometry (in Angstrom), charge = 0, multiplicity = 1:

    N            0.000000000083     0.065759700804     0.000000000000
    H            0.465806191625    -0.304562772236    -0.806799991660
    H            0.465806191625    -0.304562772236     0.806799991660
    H           -0.931612384404    -0.304562771868     0.000000000000


Scratch directory: /tmp/
gradient() will perform analytic gradient computation.

*** tstart() called on tsubasa-System-Product-Name
*** at Sun May 14 22:57:54 2023

   => Loading Basis Set <=

    Name: 6-31G(D)
    Role: ORBITAL
    Keyword: BASIS
    atoms 1   entry N          line   128 file /home/tsubasa/anaconda3/envs/p4dev/share/psi4/basis/6-31g_d_.gbs 
    atoms 2-4 entry H          line    44 file /home/tsubasa/anaconda3/envs/p4dev/share/psi4/basis/6-31g_d_.gbs 


         ---------------------------------------------------------
                                   SCF
               by Justin Turney, Rob Parrish, Andy Simmonett
                          and Daniel G. A. Smith
                              RHF Reference
                        1 Threads,    500 MiB Core
         ---------------------------------------------------------

  ==> Geometry <==

    Molecular point group: cs
    Full point group: C3v

    Geometry (in Angstrom), charge = 0, multiplicity = 1:

       Center              X                  Y                   Z               Mass       
    ------------   -----------------  -----------------  -----------------  -----------------
         N            0.000000000083     0.065759700804     0.000000000000    14.003074004430
         H            0.465806191625    -0.304562772236    -0.806799991660     1.007825032230
         H            0.465806191625    -0.304562772236     0.806799991660     1.007825032230
         H           -0.931612384404    -0.304562771868     0.000000000000     1.007825032230

  Running in cs symmetry.

  Rotational constants: A =     10.19792  B =     10.19792  C =      6.42421 [cm^-1]
  Rotational constants: A = 305725.83144  B = 305725.83107  C = 192592.91085 [MHz]
  Nuclear repulsion =   12.068665347225050

  Charge       = 0
  Multiplicity = 1
  Electrons    = 10
  Nalpha       = 5
  Nbeta        = 5

  ==> Algorithm <==

  SCF Algorithm Type is DF.
  DIIS enabled.
  MOM disabled.
  Fractional occupation disabled.
  Guess Type is READ.
  Energy threshold   = 1.00e-08
  Density threshold  = 1.00e-08
  Integral threshold = 1.00e-12

  ==> Primary Basis <==

  Basis Set: 6-31G(D)
    Blend: 6-31G(D)
    Number of shells: 12
    Number of basis functions: 21
    Number of Cartesian functions: 21
    Spherical Harmonics?: false
    Max angular momentum: 2

   => Loading Basis Set <=

    Name: (6-31G(D) AUX)
    Role: JKFIT
    Keyword: DF_BASIS_SCF
    atoms 1   entry N          line   171 file /home/tsubasa/anaconda3/envs/p4dev/share/psi4/basis/cc-pvdz-jkfit.gbs 
    atoms 2-4 entry H          line    51 file /home/tsubasa/anaconda3/envs/p4dev/share/psi4/basis/cc-pvdz-jkfit.gbs 

   => Loading Basis Set <=

    Name: 6-31G(D)
    Role: ORBITAL
    Keyword: BASIS
    atoms 1   entry N          line   128 file /home/tsubasa/anaconda3/envs/p4dev/share/psi4/basis/6-31g_d_.gbs 
    atoms 2-4 entry H          line    44 file /home/tsubasa/anaconda3/envs/p4dev/share/psi4/basis/6-31g_d_.gbs 

  Reading orbitals from file /tmp/H2O_opt.default.507259.180.npy, no projection.

  ==> Integral Setup <==

  DFHelper Memory: AOs need 0.001 GiB; user supplied 0.366 GiB. Using in-core AOs.

  ==> MemDFJK: Density-Fitted J/K Matrices <==

    J tasked:                   Yes
    K tasked:                   Yes
    wK tasked:                   No
    OpenMP threads:               1
    Memory [MiB]:               375
    Algorithm:                 Core
    Schwarz Cutoff:           1E-12
    Mask sparsity (%):       0.0000
    Fitting Condition:        1E-10

   => Auxiliary Basis Set <=

  Basis Set: (6-31G(D) AUX)
    Blend: CC-PVDZ-JKFIT
    Number of shells: 51
    Number of basis functions: 156
    Number of Cartesian functions: 156
    Spherical Harmonics?: false
    Max angular momentum: 3

  Minimum eigenvalue in the overlap matrix is 2.0977544418E-02.
  Reciprocal condition number of the overlap matrix is 4.2554459764E-03.
    Using symmetric orthogonalization.

  ==> Pre-Iterations <==

  SCF Guess: Orbitals guess was supplied from a previous computation.

   -------------------------------------------------------
    Irrep   Nso     Nmo     Nalpha   Nbeta   Ndocc  Nsocc
   -------------------------------------------------------
     A'        15      15       4       4       4       0
     A"         6       6       1       1       1       0
   -------------------------------------------------------
    Total      21      21       5       5       5       0
   -------------------------------------------------------

  ==> Iterations <==

                           Total Energy        Delta E     RMS |[F,P]|

   @DF-RHF iter   0:   -56.18446137243732   -5.61845e+01   5.31123e-05 
   @DF-RHF iter   1:   -56.18434360783897    1.17765e-04   1.12698e-05 DIIS
   @DF-RHF iter   2:   -56.18434363490213   -2.70632e-08   3.70108e-06 DIIS
   @DF-RHF iter   3:   -56.18434363999320   -5.09107e-09   1.58725e-06 DIIS
   @DF-RHF iter   4:   -56.18434364063442   -6.41215e-10   4.14264e-07 DIIS
   @DF-RHF iter   5:   -56.18434364073947   -1.05054e-10   4.95037e-08 DIIS
   @DF-RHF iter   6:   -56.18434364074050   -1.03029e-12   9.76719e-09 DIIS
  Energy and wave function converged.


  ==> Post-Iterations <==

    Orbital Energies [Eh]
    ---------------------

    Doubly Occupied:                                                      

       1Ap   -15.534377     2Ap    -1.140258     1App   -0.627641  
       3Ap    -0.627641     4Ap    -0.419833  

    Virtual:                                                              

       5Ap     0.222946     6Ap     0.324922     2App    0.324922  
       7Ap     0.896547     3App    0.896547     8Ap     0.969968  
       9Ap     1.219138    10Ap     1.232314     4App    1.232314  
      11Ap     1.364419     5App    1.964092    12Ap     1.964092  
      13Ap     2.283021     6App    2.770362    14Ap     2.770362  
      15Ap     4.096398  

    Final Occupation by Irrep:
             Ap   App 
    DOCC [     4,    1 ]
    NA   [     4,    1 ]
    NB   [     4,    1 ]

  @DF-RHF Final Energy:   -56.18434364074050

   => Energetics <=

    Nuclear Repulsion Energy =             12.0686653472250498
    One-Electron Energy =                 -99.8065188666478207
    Two-Electron Energy =                  31.5535098786822665
    Total Energy =                        -56.1843436407405079

Computation Completed


Properties will be evaluated at   0.000000,   0.000000,   0.000000 [a0]

Properties computed using the SCF density matrix


 Multipole Moments:

 ------------------------------------------------------------------------------------
     Multipole            Electronic (a.u.)      Nuclear  (a.u.)        Total (a.u.)
 ------------------------------------------------------------------------------------

 L = 1.  Multiply by 2.5417464519 to convert [e a0] to [Debye]
 Dipole X            :          0.0000000           -0.0000000           -0.0000000
 Dipole Y            :          0.1013289           -0.8567459           -0.7554170
 Dipole Z            :          0.0000000            0.0000000            0.0000000
 Magnitude           :                                                    0.7554170

 ------------------------------------------------------------------------------------

*** tstop() called on tsubasa-System-Product-Name at Sun May 14 22:57:54 2023
Module time:
	user time   =       0.13 seconds =       0.00 minutes
	system time =       0.01 seconds =       0.00 minutes
	total time  =          0 seconds =       0.00 minutes
Total time:
	user time   =       1.14 seconds =       0.02 minutes
	system time =       0.04 seconds =       0.00 minutes
	total time  =          1 seconds =       0.02 minutes

*** tstart() called on tsubasa-System-Product-Name
*** at Sun May 14 22:57:54 2023


         ------------------------------------------------------------
                                   SCF GRAD                          
                          Rob Parrish, Justin Turney,                
                       Andy Simmonett, and Alex Sokolov              
         ------------------------------------------------------------

  ==> Geometry <==

    Molecular point group: cs
    Full point group: C3v

    Geometry (in Angstrom), charge = 0, multiplicity = 1:

       Center              X                  Y                   Z               Mass       
    ------------   -----------------  -----------------  -----------------  -----------------
         N            0.000000000083     0.065759700804     0.000000000000    14.003074004430
         H            0.465806191625    -0.304562772236    -0.806799991660     1.007825032230
         H            0.465806191625    -0.304562772236     0.806799991660     1.007825032230
         H           -0.931612384404    -0.304562771868     0.000000000000     1.007825032230

  Nuclear repulsion =   12.068665347225050

  ==> Basis Set <==

  Basis Set: 6-31G(D)
    Blend: 6-31G(D)
    Number of shells: 12
    Number of basis functions: 21
    Number of Cartesian functions: 21
    Spherical Harmonics?: false
    Max angular momentum: 2

  ==> DFJKGrad: Density-Fitted SCF Gradients <==

    Gradient:                    1
    J tasked:                  Yes
    K tasked:                  Yes
    wK tasked:                  No
    OpenMP threads:              1
    Integrals threads:           1
    Memory [MiB]:              375
    Schwarz Cutoff:          1E-12
    Fitting Condition:       1E-10

   => Auxiliary Basis Set <=

  Basis Set: (6-31G(D) AUX)
    Blend: CC-PVDZ-JKFIT
    Number of shells: 51
    Number of basis functions: 156
    Number of Cartesian functions: 156
    Spherical Harmonics?: false
    Max angular momentum: 3


  -Total Gradient:
     Atom            X                  Y                   Z
    ------   -----------------  -----------------  -----------------
       1        0.000000000181     0.000012454434     0.000000000000
       2       -0.000002180906    -0.000004151452     0.000003777040
       3       -0.000002180906    -0.000004151452    -0.000003777040
       4        0.000004361631    -0.000004151529     0.000000000000


*** tstop() called on tsubasa-System-Product-Name at Sun May 14 22:57:54 2023
Module time:
	user time   =       0.02 seconds =       0.00 minutes
	system time =       0.00 seconds =       0.00 minutes
	total time  =          0 seconds =       0.00 minutes
Total time:
	user time   =       1.16 seconds =       0.02 minutes
	system time =       0.04 seconds =       0.00 minutes
	total time  =          1 seconds =       0.02 minutes

    			-----------------------------------------

    			 OPTKING 3.0: for geometry optimizations 

    			     By R.A. King, Bethel University     

    			        with contributions from          

    			    A.V. Copan, J. Cayton, A. Heide      

    			-----------------------------------------

    
	                            ===> Fragment 1 <== 

	 Z (Atomic Numbers)          Masses                          Geom                  
	       7.000000            14.003074          0.00000000  0.12426782  0.00000000   
	       1.000000             1.007825          0.88024613 -0.57554023 -1.52463102   
	       1.000000             1.007825          0.88024613 -0.57554023  1.52463102   
	       1.000000             1.007825         -1.76049226 -0.57554023  0.00000000   

	 - Coordinate -           - BOHR/RAD -       - ANG/DEG -
	 R(1,2)           =         1.894483           1.002517
	 R(1,3)           =         1.894483           1.002517
	 R(1,4)           =         1.894483           1.002517
	 B(2,1,3)         =         1.870590         107.176940
	 B(2,1,4)         =         1.870590         107.176939
	 B(3,1,4)         =         1.870590         107.176939
	 O(2,1,3,4)       =         1.050049          60.163362
	 O(3,1,2,4)       =        -1.050049         -60.163362
	 O(4,1,2,3)       =         1.050049          60.163362


	        --- Internal Coordinate Step in ANG or DEG, aJ/ANG or AJ/DEG ---
	-------------------------------------------------------------------------------
	           Coordinate      Previous         Force          Change          New 
	           ----------      --------        ------          ------        ------
	               R(1,2)       1.00252        0.00002       -0.00000       1.00252
	               R(1,3)       1.00252        0.00002       -0.00000       1.00252
	               R(1,4)       1.00252        0.00002       -0.00000       1.00252
	             B(2,1,3)     107.17694        0.00000        0.00351     107.18045
	             B(2,1,4)     107.17694        0.00000        0.00351     107.18045
	             B(3,1,4)     107.17694        0.00000        0.00351     107.18045
	           O(2,1,3,4)      60.16336       -0.00000       -0.00788      60.15549
	           O(3,1,2,4)     -60.16336        0.00000        0.00788     -60.15549
	           O(4,1,2,3)      60.16336       -0.00000       -0.00788      60.15549
	-------------------------------------------------------------------------------

	                                 ==> Convergence Check <==                                  
    
	Measures of convergence in internal coordinates in au.
    
	Criteria marked as inactive (o), active & met (*), and active & unmet ( ).

	----------------------------------------------------------------------------------------------
	   Step    Total Energy     Delta E     Max Force     RMS Force      Max Disp      RMS Disp   
	----------------------------------------------------------------------------------------------
	  Convergence Criteria     1.00e-06 *    3.00e-04 *             o    1.20e-03 *             o
	----------------------------------------------------------------------------------------------
	     5     -56.18434364   -4.34e-07 *    3.57e-06 *    2.69e-06 o    1.37e-04 *    8.69e-05 o  ~
	----------------------------------------------------------------------------------------------

Next Geometry in Ang 
	Fragment 1 (Ang)

	    N  -0.0000000003   0.0657196444   0.0000000000
	    H   0.4658161267  -0.3045494201  -0.8068171985
	    H   0.4658161267  -0.3045494201   0.8068171985
	    H  -0.9316322543  -0.3045494196  -0.0000000000


    Final optimized geometry and variables:
    Molecular point group: cs
    Full point group: C3v

    Geometry (in Angstrom), charge = 0, multiplicity = 1:

    N            0.000000000083     0.065759700804     0.000000000000
    H            0.465806191625    -0.304562772236    -0.806799991660
    H            0.465806191625    -0.304562772236     0.806799991660
    H           -0.931612384404    -0.304562771868     0.000000000000

